                        Name  Miles_per_Gallon  ...       Year  Origin
0  chevrolet chevelle malibu              18.0  ... 1970-01-01     USA
1          buick skylark 320              15.0  ... 1970-01-01     USA
2         plymouth satellite              18.0  ... 1970-01-01     USA
3              amc rebel sst              16.0  ... 1970-01-01     USA
4                ford torino              17.0  ... 1970-01-01     USA

[5 rows x 9 columns]
       Miles_per_Gallon   Cylinders  ...  Weight_in_lbs  Acceleration
count        398.000000  406.000000  ...     406.000000    406.000000
mean          23.514573    5.475369  ...    2979.413793     15.519704
std            7.815984    1.712160  ...     847.004328      2.803359
min            9.000000    3.000000  ...    1613.000000      8.000000
25%           17.500000    4.000000  ...    2226.500000     13.700000
50%           23.000000    4.000000  ...    2822.500000     15.500000
75%           29.000000    8.000000  ...    3618.250000     17.175000
max           46.600000    8.000000  ...    5140.000000     24.800000

[8 rows x 6 columns]
Index(['Name', 'Miles_per_Gallon', 'Cylinders', 'Displacement', 'Horsepower',
       'Weight_in_lbs', 'Acceleration', 'Year', 'Origin'],
      dtype='object')
           Horsepower                                   
                  max   min        mean        std count
Year                                                    
1970-01-01      225.0  46.0  148.857143  49.630483    35
1971-01-01      180.0  48.0  104.928571  39.455487    28
1972-01-01      208.0  54.0  120.178571  41.121368    28
1973-01-01      230.0  46.0  130.475000  46.412304    40
1974-01-01      150.0  52.0   94.230769  29.686775    26
1975-01-01      170.0  53.0  101.066667  26.577062    30
1976-01-01      180.0  52.0  101.117647  32.430592    34
1977-01-01      190.0  58.0  105.071429  36.095479    28
1978-01-01      165.0  48.0   99.694444  28.436214    36
1979-01-01      155.0  65.0  101.206897  28.455955    29
1980-01-01      132.0  48.0   77.481481  18.173037    27
1982-01-01      120.0  52.0   81.745763  15.970440    59

----------------------------------------

   sepalLength  sepalWidth  petalLength  petalWidth species
0          5.1         3.5          1.4         0.2  setosa
1          4.9         3.0          1.4         0.2  setosa
2          4.7         3.2          1.3         0.2  setosa
3          4.6         3.1          1.5         0.2  setosa
4          5.0         3.6          1.4         0.2  setosa
       sepalLength  sepalWidth  petalLength  petalWidth
count   150.000000  150.000000   150.000000  150.000000
mean      5.843333    3.057333     3.758000    1.199333
std       0.828066    0.435866     1.765298    0.762238
min       4.300000    2.000000     1.000000    0.100000
25%       5.100000    2.800000     1.600000    0.300000
50%       5.800000    3.000000     4.350000    1.300000
75%       6.400000    3.300000     5.100000    1.800000
max       7.900000    4.400000     6.900000    2.500000
Index(['sepalLength', 'sepalWidth', 'petalLength', 'petalWidth', 'species'], dtype='object')
           sepalLength                        ... sepalWidth                       
                   max  min   mean       std  ...        min   mean       std count
species                                       ...                                  
setosa             5.8  4.3  5.006  0.352490  ...        2.3  3.428  0.379064    50
versicolor         7.0  4.9  5.936  0.516171  ...        2.0  2.770  0.313798    50
virginica          7.9  4.9  6.588  0.635880  ...        2.2  2.974  0.322497    50

[3 rows x 10 columns]
