Module(
  body=[
    SimpleStatementLine(
      body=[
        ImportFrom(
          module=Name(
            value='_codeobject',
          ),
          names=[
            ImportAlias(
              name=Name(
                value='Module',
              ),
            ),
          ],
        ),
      ],
    ),
    SimpleStatementLine(
      body=[
        ImportFrom(
          module=Name(
            value='_fake',
          ),
          names=[
            ImportAlias(
              name=Name(
                value='_FakeModule',
              ),
            ),
          ],
        ),
      ],
    ),
    FunctionDef(
      name=Name(
        value='f',
      ),
      params=Parameters(
        params=[
          Param(
            name=Name(
              value='x',
            ),
            star='',
          ),
        ],
      ),
      body=IndentedBlock(
        body=[
          SimpleStatementLine(
            body=[
              Expr(
                value=Call(
                  func=Name(
                    value='print',
                  ),
                  args=[
                    Arg(
                      value=SimpleString(
                        value='"hello"',
                      ),
                    ),
                    Arg(
                      value=Name(
                        value='x',
                      ),
                    ),
                  ],
                ),
              ),
            ],
          ),
        ],
      ),
    ),
    FunctionDef(
      name=Name(
        value='mf',
      ),
      params=Parameters(
        params=[
          Param(
            name=Name(
              value='m',
            ),
            star='',
          ),
          Param(
            name=Name(
              value='x',
            ),
            star='',
          ),
        ],
      ),
      body=IndentedBlock(
        body=[
          SimpleStatementLine(
            body=[
              Assign(
                targets=[
                  AssignTarget(
                    target=Name(
                      value='print_',
                    ),
                  ),
                ],
                value=Call(
                  func=Attribute(
                    value=Name(
                      value='m',
                    ),
                    attr=Name(
                      value='symbol',
                    ),
                  ),
                  args=[
                    Arg(
                      value=Name(
                        value='print',
                      ),
                    ),
                  ],
                ),
              ),
            ],
          ),
          SimpleStatementLine(
            body=[
              Expr(
                value=Call(
                  func=Attribute(
                    value=Name(
                      value='m',
                    ),
                    attr=Name(
                      value='stmt',
                    ),
                  ),
                  args=[
                    Arg(
                      value=Call(
                        func=Name(
                          value='print_',
                        ),
                        args=[
                          Arg(
                            value=SimpleString(
                              value='"hello"',
                            ),
                          ),
                          Arg(
                            value=Name(
                              value='x',
                            ),
                          ),
                        ],
                      ),
                    ),
                  ],
                ),
              ),
            ],
          ),
        ],
      ),
    ),
    SimpleStatementLine(
      body=[
        Expr(
          value=Call(
            func=Name(
              value='print',
            ),
            args=[
              Arg(
                value=SimpleString(
                  value='"original"',
                ),
              ),
            ],
          ),
        ),
      ],
    ),
    SimpleStatementLine(
      body=[
        Expr(
          value=Call(
            func=Name(
              value='f',
            ),
            args=[
              Arg(
                value=SimpleString(
                  value='"world"',
                ),
              ),
            ],
          ),
        ),
      ],
    ),
    SimpleStatementLine(
      body=[
        Expr(
          value=Call(
            func=Name(
              value='print',
            ),
            args=[
              Arg(
                value=SimpleString(
                  value='"\\n----------------------------------------\\n"',
                ),
              ),
            ],
          ),
        ),
      ],
    ),
    SimpleStatementLine(
      body=[
        Expr(
          value=Call(
            func=Name(
              value='print',
            ),
            args=[
              Arg(
                value=SimpleString(
                  value='"fake"',
                ),
              ),
            ],
          ),
        ),
      ],
    ),
    SimpleStatementLine(
      body=[
        Assign(
          targets=[
            AssignTarget(
              target=Name(
                value='m',
              ),
            ),
          ],
          value=Call(
            func=Name(
              value='_FakeModule',
            ),
          ),
        ),
      ],
    ),
    SimpleStatementLine(
      body=[
        Expr(
          value=Call(
            func=Name(
              value='mf',
            ),
            args=[
              Arg(
                value=Name(
                  value='m',
                ),
              ),
              Arg(
                value=SimpleString(
                  value='"world"',
                ),
              ),
            ],
          ),
        ),
      ],
    ),
    SimpleStatementLine(
      body=[
        Expr(
          value=Call(
            func=Name(
              value='print',
            ),
            args=[
              Arg(
                value=SimpleString(
                  value='"\\n----------------------------------------\\n"',
                ),
              ),
            ],
          ),
        ),
      ],
    ),
    SimpleStatementLine(
      body=[
        Expr(
          value=Call(
            func=Name(
              value='print',
            ),
            args=[
              Arg(
                value=SimpleString(
                  value='"codeobject"',
                ),
              ),
            ],
          ),
        ),
      ],
    ),
    SimpleStatementLine(
      body=[
        Assign(
          targets=[
            AssignTarget(
              target=Name(
                value='m',
              ),
            ),
          ],
          value=Call(
            func=Name(
              value='Module',
            ),
          ),
        ),
      ],
    ),
    SimpleStatementLine(
      body=[
        Expr(
          value=Call(
            func=Name(
              value='mf',
            ),
            args=[
              Arg(
                value=Name(
                  value='m',
                ),
              ),
              Arg(
                value=SimpleString(
                  value='"world"',
                ),
              ),
            ],
          ),
        ),
      ],
    ),
    SimpleStatementLine(
      body=[
        Expr(
          value=Call(
            func=Name(
              value='print',
            ),
            args=[
              Arg(
                value=Name(
                  value='m',
                ),
              ),
            ],
          ),
        ),
      ],
    ),
  ],
)
