{
  "operations": {
    "SendMessage": {
      "name": "SendMessage",
      "http": {
        "method": "POST",
        "requestUri": "/"
      },
      "input": {
        "shape": "SendMessageRequest"
      },
      "output": {
        "shape": "SendMessageResult",
        "resultWrapper": "SendMessageResult"
      },
      "errors": [
        {
          "shape": "InvalidMessageContents"
        },
        {
          "shape": "UnsupportedOperation"
        }
      ]
    }
  },
  "shape": {
    "SendMessageRequest": {
      "type": "structure",
      "required": [
        "QueueUrl",
        "MessageBody"
      ],
      "members": {
        "QueueUrl": {
          "shape": "String"
        },
        "MessageBody": {
          "shape": "String"
        },
        "DelaySeconds": {
          "shape": "Integer"
        },
        "MessageAttributes": {
          "shape": "MessageBodyAttributeMap",
          "locationName": "MessageAttribute"
        },
        "MessageSystemAttributes": {
          "shape": "MessageBodySystemAttributeMap",
          "locationName": "MessageSystemAttribute"
        },
        "MessageDeduplicationId": {
          "shape": "String"
        },
        "MessageGroupId": {
          "shape": "String"
        }
      }
    },
    "SendMessageResult": {
      "type": "structure",
      "members": {
        "MD5OfMessageBody": {
          "shape": "String"
        },
        "MD5OfMessageAttributes": {
          "shape": "String"
        },
        "MD5OfMessageSystemAttributes": {
          "shape": "String"
        },
        "MessageId": {
          "shape": "String"
        },
        "SequenceNumber": {
          "shape": "String"
        }
      }
    }
  }
}