{
  "operations": {
    "AddPermission": {
      "name": "AddPermission",
      "http": {
        "method": "POST",
        "requestUri": "/"
      },
      "input": {
        "shape": "AddPermissionRequest"
      },
      "errors": [
        {
          "shape": "OverLimit"
        }
      ]
    },
    "ChangeMessageVisibility": {
      "name": "ChangeMessageVisibility",
      "http": {
        "method": "POST",
        "requestUri": "/"
      },
      "input": {
        "shape": "ChangeMessageVisibilityRequest"
      },
      "errors": [
        {
          "shape": "MessageNotInflight"
        },
        {
          "shape": "ReceiptHandleIsInvalid"
        }
      ]
    },
    "ChangeMessageVisibilityBatch": {
      "name": "ChangeMessageVisibilityBatch",
      "http": {
        "method": "POST",
        "requestUri": "/"
      },
      "input": {
        "shape": "ChangeMessageVisibilityBatchRequest"
      },
      "output": {
        "shape": "ChangeMessageVisibilityBatchResult",
        "resultWrapper": "ChangeMessageVisibilityBatchResult"
      },
      "errors": [
        {
          "shape": "TooManyEntriesInBatchRequest"
        },
        {
          "shape": "EmptyBatchRequest"
        },
        {
          "shape": "BatchEntryIdsNotDistinct"
        },
        {
          "shape": "InvalidBatchEntryId"
        }
      ]
    },
    "CreateQueue": {
      "name": "CreateQueue",
      "http": {
        "method": "POST",
        "requestUri": "/"
      },
      "input": {
        "shape": "CreateQueueRequest"
      },
      "output": {
        "shape": "CreateQueueResult",
        "resultWrapper": "CreateQueueResult"
      },
      "errors": [
        {
          "shape": "QueueDeletedRecently"
        },
        {
          "shape": "QueueNameExists"
        }
      ]
    },
    "DeleteMessage": {
      "name": "DeleteMessage",
      "http": {
        "method": "POST",
        "requestUri": "/"
      },
      "input": {
        "shape": "DeleteMessageRequest"
      },
      "errors": [
        {
          "shape": "InvalidIdFormat"
        },
        {
          "shape": "ReceiptHandleIsInvalid"
        }
      ]
    },
    "DeleteMessageBatch": {
      "name": "DeleteMessageBatch",
      "http": {
        "method": "POST",
        "requestUri": "/"
      },
      "input": {
        "shape": "DeleteMessageBatchRequest"
      },
      "output": {
        "shape": "DeleteMessageBatchResult",
        "resultWrapper": "DeleteMessageBatchResult"
      },
      "errors": [
        {
          "shape": "TooManyEntriesInBatchRequest"
        },
        {
          "shape": "EmptyBatchRequest"
        },
        {
          "shape": "BatchEntryIdsNotDistinct"
        },
        {
          "shape": "InvalidBatchEntryId"
        }
      ]
    },
    "DeleteQueue": {
      "name": "DeleteQueue",
      "http": {
        "method": "POST",
        "requestUri": "/"
      },
      "input": {
        "shape": "DeleteQueueRequest"
      }
    },
    "GetQueueAttributes": {
      "name": "GetQueueAttributes",
      "http": {
        "method": "POST",
        "requestUri": "/"
      },
      "input": {
        "shape": "GetQueueAttributesRequest"
      },
      "output": {
        "shape": "GetQueueAttributesResult",
        "resultWrapper": "GetQueueAttributesResult"
      },
      "errors": [
        {
          "shape": "InvalidAttributeName"
        }
      ]
    },
    "GetQueueUrl": {
      "name": "GetQueueUrl",
      "http": {
        "method": "POST",
        "requestUri": "/"
      },
      "input": {
        "shape": "GetQueueUrlRequest"
      },
      "output": {
        "shape": "GetQueueUrlResult",
        "resultWrapper": "GetQueueUrlResult"
      },
      "errors": [
        {
          "shape": "QueueDoesNotExist"
        }
      ]
    },
    "ListDeadLetterSourceQueues": {
      "name": "ListDeadLetterSourceQueues",
      "http": {
        "method": "POST",
        "requestUri": "/"
      },
      "input": {
        "shape": "ListDeadLetterSourceQueuesRequest"
      },
      "output": {
        "shape": "ListDeadLetterSourceQueuesResult",
        "resultWrapper": "ListDeadLetterSourceQueuesResult"
      },
      "errors": [
        {
          "shape": "QueueDoesNotExist"
        }
      ]
    },
    "ListQueueTags": {
      "name": "ListQueueTags",
      "http": {
        "method": "POST",
        "requestUri": "/"
      },
      "input": {
        "shape": "ListQueueTagsRequest"
      },
      "output": {
        "shape": "ListQueueTagsResult",
        "resultWrapper": "ListQueueTagsResult"
      }
    },
    "ListQueues": {
      "name": "ListQueues",
      "http": {
        "method": "POST",
        "requestUri": "/"
      },
      "input": {
        "shape": "ListQueuesRequest"
      },
      "output": {
        "shape": "ListQueuesResult",
        "resultWrapper": "ListQueuesResult"
      }
    },
    "PurgeQueue": {
      "name": "PurgeQueue",
      "http": {
        "method": "POST",
        "requestUri": "/"
      },
      "input": {
        "shape": "PurgeQueueRequest"
      },
      "errors": [
        {
          "shape": "QueueDoesNotExist"
        },
        {
          "shape": "PurgeQueueInProgress"
        }
      ]
    },
    "ReceiveMessage": {
      "name": "ReceiveMessage",
      "http": {
        "method": "POST",
        "requestUri": "/"
      },
      "input": {
        "shape": "ReceiveMessageRequest"
      },
      "output": {
        "shape": "ReceiveMessageResult",
        "resultWrapper": "ReceiveMessageResult"
      },
      "errors": [
        {
          "shape": "OverLimit"
        }
      ]
    },
    "RemovePermission": {
      "name": "RemovePermission",
      "http": {
        "method": "POST",
        "requestUri": "/"
      },
      "input": {
        "shape": "RemovePermissionRequest"
      }
    },
    "SendMessage": {
      "name": "SendMessage",
      "http": {
        "method": "POST",
        "requestUri": "/"
      },
      "input": {
        "shape": "SendMessageRequest"
      },
      "output": {
        "shape": "SendMessageResult",
        "resultWrapper": "SendMessageResult"
      },
      "errors": [
        {
          "shape": "InvalidMessageContents"
        },
        {
          "shape": "UnsupportedOperation"
        }
      ]
    },
    "SendMessageBatch": {
      "name": "SendMessageBatch",
      "http": {
        "method": "POST",
        "requestUri": "/"
      },
      "input": {
        "shape": "SendMessageBatchRequest"
      },
      "output": {
        "shape": "SendMessageBatchResult",
        "resultWrapper": "SendMessageBatchResult"
      },
      "errors": [
        {
          "shape": "TooManyEntriesInBatchRequest"
        },
        {
          "shape": "EmptyBatchRequest"
        },
        {
          "shape": "BatchEntryIdsNotDistinct"
        },
        {
          "shape": "BatchRequestTooLong"
        },
        {
          "shape": "InvalidBatchEntryId"
        },
        {
          "shape": "UnsupportedOperation"
        }
      ]
    },
    "SetQueueAttributes": {
      "name": "SetQueueAttributes",
      "http": {
        "method": "POST",
        "requestUri": "/"
      },
      "input": {
        "shape": "SetQueueAttributesRequest"
      },
      "errors": [
        {
          "shape": "InvalidAttributeName"
        }
      ]
    },
    "TagQueue": {
      "name": "TagQueue",
      "http": {
        "method": "POST",
        "requestUri": "/"
      },
      "input": {
        "shape": "TagQueueRequest"
      }
    },
    "UntagQueue": {
      "name": "UntagQueue",
      "http": {
        "method": "POST",
        "requestUri": "/"
      },
      "input": {
        "shape": "UntagQueueRequest"
      }
    }
  },
  "shapes": {
    "AddPermissionRequest": {
      "type": "structure",
      "required": [
        "QueueUrl",
        "Label",
        "AWSAccountIds",
        "Actions"
      ],
      "members": {
        "QueueUrl": {
          "shape": "String"
        },
        "Label": {
          "shape": "String"
        },
        "AWSAccountIds": {
          "shape": "AWSAccountIdList"
        },
        "Actions": {
          "shape": "ActionNameList"
        }
      }
    },
    "ChangeMessageVisibilityRequest": {
      "type": "structure",
      "required": [
        "QueueUrl",
        "ReceiptHandle",
        "VisibilityTimeout"
      ],
      "members": {
        "QueueUrl": {
          "shape": "String"
        },
        "ReceiptHandle": {
          "shape": "String"
        },
        "VisibilityTimeout": {
          "shape": "Integer"
        }
      }
    },
    "ChangeMessageVisibilityBatchRequest": {
      "type": "structure",
      "required": [
        "QueueUrl",
        "Entries"
      ],
      "members": {
        "QueueUrl": {
          "shape": "String"
        },
        "Entries": {
          "shape": "ChangeMessageVisibilityBatchRequestEntryList"
        }
      }
    },
    "ChangeMessageVisibilityBatchResult": {
      "type": "structure",
      "required": [
        "Successful",
        "Failed"
      ],
      "members": {
        "Successful": {
          "shape": "ChangeMessageVisibilityBatchResultEntryList"
        },
        "Failed": {
          "shape": "BatchResultErrorEntryList"
        }
      }
    },
    "CreateQueueRequest": {
      "type": "structure",
      "required": [
        "QueueName"
      ],
      "members": {
        "QueueName": {
          "shape": "String"
        },
        "Attributes": {
          "shape": "QueueAttributeMap",
          "locationName": "Attribute"
        },
        "tags": {
          "shape": "TagMap",
          "locationName": "Tag"
        }
      }
    },
    "CreateQueueResult": {
      "type": "structure",
      "members": {
        "QueueUrl": {
          "shape": "String"
        }
      }
    },
    "DeleteMessageRequest": {
      "type": "structure",
      "required": [
        "QueueUrl",
        "ReceiptHandle"
      ],
      "members": {
        "QueueUrl": {
          "shape": "String"
        },
        "ReceiptHandle": {
          "shape": "String"
        }
      }
    },
    "DeleteMessageBatchRequest": {
      "type": "structure",
      "required": [
        "QueueUrl",
        "Entries"
      ],
      "members": {
        "QueueUrl": {
          "shape": "String"
        },
        "Entries": {
          "shape": "DeleteMessageBatchRequestEntryList"
        }
      }
    },
    "DeleteMessageBatchResult": {
      "type": "structure",
      "required": [
        "Successful",
        "Failed"
      ],
      "members": {
        "Successful": {
          "shape": "DeleteMessageBatchResultEntryList"
        },
        "Failed": {
          "shape": "BatchResultErrorEntryList"
        }
      }
    },
    "DeleteQueueRequest": {
      "type": "structure",
      "required": [
        "QueueUrl"
      ],
      "members": {
        "QueueUrl": {
          "shape": "String"
        }
      }
    },
    "GetQueueAttributesRequest": {
      "type": "structure",
      "required": [
        "QueueUrl"
      ],
      "members": {
        "QueueUrl": {
          "shape": "String"
        },
        "AttributeNames": {
          "shape": "AttributeNameList"
        }
      }
    },
    "GetQueueAttributesResult": {
      "type": "structure",
      "members": {
        "Attributes": {
          "shape": "QueueAttributeMap",
          "locationName": "Attribute"
        }
      }
    },
    "GetQueueUrlRequest": {
      "type": "structure",
      "required": [
        "QueueName"
      ],
      "members": {
        "QueueName": {
          "shape": "String"
        },
        "QueueOwnerAWSAccountId": {
          "shape": "String"
        }
      }
    },
    "GetQueueUrlResult": {
      "type": "structure",
      "members": {
        "QueueUrl": {
          "shape": "String"
        }
      }
    },
    "ListDeadLetterSourceQueuesRequest": {
      "type": "structure",
      "required": [
        "QueueUrl"
      ],
      "members": {
        "QueueUrl": {
          "shape": "String"
        }
      }
    },
    "ListDeadLetterSourceQueuesResult": {
      "type": "structure",
      "required": [
        "queueUrls"
      ],
      "members": {
        "queueUrls": {
          "shape": "QueueUrlList"
        }
      }
    },
    "ListQueueTagsRequest": {
      "type": "structure",
      "required": [
        "QueueUrl"
      ],
      "members": {
        "QueueUrl": {
          "shape": "String"
        }
      }
    },
    "ListQueueTagsResult": {
      "type": "structure",
      "members": {
        "Tags": {
          "shape": "TagMap",
          "locationName": "Tag"
        }
      }
    },
    "ListQueuesRequest": {
      "type": "structure",
      "members": {
        "QueueNamePrefix": {
          "shape": "String"
        }
      }
    },
    "ListQueuesResult": {
      "type": "structure",
      "members": {
        "QueueUrls": {
          "shape": "QueueUrlList"
        }
      }
    },
    "PurgeQueueRequest": {
      "type": "structure",
      "required": [
        "QueueUrl"
      ],
      "members": {
        "QueueUrl": {
          "shape": "String"
        }
      }
    },
    "ReceiveMessageRequest": {
      "type": "structure",
      "required": [
        "QueueUrl"
      ],
      "members": {
        "QueueUrl": {
          "shape": "String"
        },
        "AttributeNames": {
          "shape": "AttributeNameList"
        },
        "MessageAttributeNames": {
          "shape": "MessageAttributeNameList"
        },
        "MaxNumberOfMessages": {
          "shape": "Integer"
        },
        "VisibilityTimeout": {
          "shape": "Integer"
        },
        "WaitTimeSeconds": {
          "shape": "Integer"
        },
        "ReceiveRequestAttemptId": {
          "shape": "String"
        }
      }
    },
    "ReceiveMessageResult": {
      "type": "structure",
      "members": {
        "Messages": {
          "shape": "MessageList"
        }
      }
    },
    "RemovePermissionRequest": {
      "type": "structure",
      "required": [
        "QueueUrl",
        "Label"
      ],
      "members": {
        "QueueUrl": {
          "shape": "String"
        },
        "Label": {
          "shape": "String"
        }
      }
    },
    "SendMessageRequest": {
      "type": "structure",
      "required": [
        "QueueUrl",
        "MessageBody"
      ],
      "members": {
        "QueueUrl": {
          "shape": "String"
        },
        "MessageBody": {
          "shape": "String"
        },
        "DelaySeconds": {
          "shape": "Integer"
        },
        "MessageAttributes": {
          "shape": "MessageBodyAttributeMap",
          "locationName": "MessageAttribute"
        },
        "MessageSystemAttributes": {
          "shape": "MessageBodySystemAttributeMap",
          "locationName": "MessageSystemAttribute"
        },
        "MessageDeduplicationId": {
          "shape": "String"
        },
        "MessageGroupId": {
          "shape": "String"
        }
      }
    },
    "SendMessageResult": {
      "type": "structure",
      "members": {
        "MD5OfMessageBody": {
          "shape": "String"
        },
        "MD5OfMessageAttributes": {
          "shape": "String"
        },
        "MD5OfMessageSystemAttributes": {
          "shape": "String"
        },
        "MessageId": {
          "shape": "String"
        },
        "SequenceNumber": {
          "shape": "String"
        }
      }
    },
    "SendMessageBatchRequest": {
      "type": "structure",
      "required": [
        "QueueUrl",
        "Entries"
      ],
      "members": {
        "QueueUrl": {
          "shape": "String"
        },
        "Entries": {
          "shape": "SendMessageBatchRequestEntryList"
        }
      }
    },
    "SendMessageBatchResult": {
      "type": "structure",
      "required": [
        "Successful",
        "Failed"
      ],
      "members": {
        "Successful": {
          "shape": "SendMessageBatchResultEntryList"
        },
        "Failed": {
          "shape": "BatchResultErrorEntryList"
        }
      }
    },
    "SetQueueAttributesRequest": {
      "type": "structure",
      "required": [
        "QueueUrl",
        "Attributes"
      ],
      "members": {
        "QueueUrl": {
          "shape": "String"
        },
        "Attributes": {
          "shape": "QueueAttributeMap",
          "locationName": "Attribute"
        }
      }
    },
    "TagQueueRequest": {
      "type": "structure",
      "required": [
        "QueueUrl",
        "Tags"
      ],
      "members": {
        "QueueUrl": {
          "shape": "String"
        },
        "Tags": {
          "shape": "TagMap"
        }
      }
    },
    "UntagQueueRequest": {
      "type": "structure",
      "required": [
        "QueueUrl",
        "TagKeys"
      ],
      "members": {
        "QueueUrl": {
          "shape": "String"
        },
        "TagKeys": {
          "shape": "TagKeyList"
        }
      }
    }
  }
}