heap profile: 0: 0 [0: 0] @ heap/1048576

# runtime.MemStats
# Alloc = 166840
# TotalAlloc = 166840
# Sys = 1740800
# Lookups = 3
# Mallocs = 190
# Frees = 11
# HeapAlloc = 166840
# HeapSys = 753664
# HeapIdle = 376832
# HeapInuse = 376832
# HeapReleased = 0
# HeapObjects = 179
# Stack = 294912 / 294912
# MSpan = 5920 / 16384
# MCache = 4800 / 16384
# BuckHashSys = 2046
# NextGC = 4194304
# PauseNs = [0 0 0 0 0 0 0 0 0 0 0 0 0 0 0 0 0 0 0 0 0 0 0 0 0 0 0 0 0 0 0 0 0 0 0 0 0 0 0 0 0 0 0 0 0 0 0 0 0 0 0 0 0 0 0 0 0 0 0 0 0 0 0 0 0 0 0 0 0 0 0 0 0 0 0 0 0 0 0 0 0 0 0 0 0 0 0 0 0 0 0 0 0 0 0 0 0 0 0 0 0 0 0 0 0 0 0 0 0 0 0 0 0 0 0 0 0 0 0 0 0 0 0 0 0 0 0 0 0 0 0 0 0 0 0 0 0 0 0 0 0 0 0 0 0 0 0 0 0 0 0 0 0 0 0 0 0 0 0 0 0 0 0 0 0 0 0 0 0 0 0 0 0 0 0 0 0 0 0 0 0 0 0 0 0 0 0 0 0 0 0 0 0 0 0 0 0 0 0 0 0 0 0 0 0 0 0 0 0 0 0 0 0 0 0 0 0 0 0 0 0 0 0 0 0 0 0 0 0 0 0 0 0 0 0 0 0 0 0 0 0 0 0 0 0 0 0 0 0 0 0 0 0 0 0 0]
# NumGC = 0
# DebugGC = false
----------------------------------------
heap profile: 0: 0 [0: 0] @ heap/1048576

# runtime.MemStats
# Alloc = 191608
# TotalAlloc = 191608
# Sys = 1740800
# Lookups = 3
# Mallocs = 227
# Frees = 25
# HeapAlloc = 191608
# HeapSys = 753664
# HeapIdle = 327680
# HeapInuse = 425984
# HeapReleased = 0
# HeapObjects = 202
# Stack = 294912 / 294912
# MSpan = 6560 / 16384
# MCache = 4800 / 16384
# BuckHashSys = 2046
# NextGC = 4194304
# PauseNs = [0 0 0 0 0 0 0 0 0 0 0 0 0 0 0 0 0 0 0 0 0 0 0 0 0 0 0 0 0 0 0 0 0 0 0 0 0 0 0 0 0 0 0 0 0 0 0 0 0 0 0 0 0 0 0 0 0 0 0 0 0 0 0 0 0 0 0 0 0 0 0 0 0 0 0 0 0 0 0 0 0 0 0 0 0 0 0 0 0 0 0 0 0 0 0 0 0 0 0 0 0 0 0 0 0 0 0 0 0 0 0 0 0 0 0 0 0 0 0 0 0 0 0 0 0 0 0 0 0 0 0 0 0 0 0 0 0 0 0 0 0 0 0 0 0 0 0 0 0 0 0 0 0 0 0 0 0 0 0 0 0 0 0 0 0 0 0 0 0 0 0 0 0 0 0 0 0 0 0 0 0 0 0 0 0 0 0 0 0 0 0 0 0 0 0 0 0 0 0 0 0 0 0 0 0 0 0 0 0 0 0 0 0 0 0 0 0 0 0 0 0 0 0 0 0 0 0 0 0 0 0 0 0 0 0 0 0 0 0 0 0 0 0 0 0 0 0 0 0 0 0 0 0 0 0 0]
# NumGC = 0
# DebugGC = false
