Debugger entered--Lisp error: (quit)
  accept-process-output(#<process Python> 5.0)
  python-shell-accept-process-output(#<process Python> 5.0 "1__dummy_completion__[[:space:]]*\n")
  python-shell-completion-native-get-completions(#<process Python> nil "PathFinder越しにつかうのは")
  apply(python-shell-completion-native-get-completions (#<process Python> nil "PathFinder越しにつかうのは"))
  #f(compiled-function (&rest args2) #<bytecode 0x1995119>)("PathFinder越しにつかうのは")
  #f(compiled-function (string pred action) #<bytecode 0x1995141>)("PathFinder越しにつかうのは" nil t)
  all-completions("PathFinder越しにつかうのは" #f(compiled-function (string pred action) #<bytecode 0x1995141>) nil)
  completion-pcm--all-completions("" ("PathFinder越しにつかうのは" point) #f(compiled-function (string pred action) #<bytecode 0x1995141>) nil)
  completion-basic-all-completions("PathFinder越しにつかうのは" #f(compiled-function (string pred action) #<bytecode 0x1995141>) nil 18)
  #f(compiled-function (style) #<bytecode 0x1995169>)(basic)
  completion--some(#f(compiled-function (style) #<bytecode 0x1995169>) (basic partial-completion emacs22))
  completion--nth-completion(2 "PathFinder越しにつかうのは" #f(compiled-function (string pred action) #<bytecode 0x1995141>) nil 18 nil)
  completion-all-completions("PathFinder越しにつかうのは" #f(compiled-function (string pred action) #<bytecode 0x1995141>) nil 18)
  company-capf(candidates "PathFinder越しにつかうのは")
  apply(company-capf (candidates "PathFinder越しにつかうのは"))
  company-call-backend-raw(candidates "PathFinder越しにつかうのは")
  company--fetch-candidates("PathFinder越しにつかうのは")
  company-calculate-candidates("PathFinder越しにつかうのは" nil)
  company--begin-new()
  company--perform()
  company-auto-begin()
  company-idle-begin(#<buffer 02dummy_finder.py> #<window 854 on 02dummy_finder.py> 7111 633)
  apply(company-idle-begin (#<buffer 02dummy_finder.py> #<window 854 on 02dummy_finder.py> 7111 633))
  timer-event-handler([t 23863 25719 308641 nil company-idle-begin (#<buffer 02dummy_finder.py> #<window 854 on 02dummy_finder.py> 7111 633) nil 122000])
