_AttributeHolder	Abstract base class that provides __repr__.
_copy_items	
HelpFormatter	Formatter for generating usage messages and argument help strings.
RawDescriptionHelpFormatter	Help message formatter which retains any formatting in descriptions.
RawTextHelpFormatter	Help message formatter which retains formatting of all help text.
ArgumentDefaultsHelpFormatter	Help message formatter which adds default values to argument help.
MetavarTypeHelpFormatter	Help message formatter which uses the argument 'type' as the default
metavar value (instead of the argument 'dest')
_get_action_name	
ArgumentError	An error from creating or using an argument (optional or positional).
ArgumentTypeError	An error from trying to convert a command line string to a type.
Action	Information about how to convert command line strings to Python objects.
_StoreAction	
_StoreConstAction	
_StoreTrueAction	
_StoreFalseAction	
_AppendAction	
_AppendConstAction	
_CountAction	
_HelpAction	
_VersionAction	
_SubParsersAction	
FileType	Factory for creating file object types
Namespace	Simple object for storing attributes.
_ActionsContainer	
_ArgumentGroup	
_MutuallyExclusiveGroup	
ArgumentParser	Object for parsing command line strings into Python objects.
