trace:     (Module)
trace:     (Expr)
trace:     (BoolOp And ['Call', 'Call'])
trace:        (Call Attribute list list)
trace:           (Attribute Name str)
trace:              (Name)
trace:           (Constant)
trace:        (Call Attribute list list)
trace:           (Attribute Name str)
trace:              (Name)
trace:           (Constant)
trace:     (Module)
trace:     (Expr)
trace:     (BoolOp And ['Call', 'Call'])
trace:        (Call Attribute list list)
trace:           (Attribute Name str)
trace:              (Name)
trace:           (Constant)
trace:        (Call Attribute list list)
trace:           (Attribute Name str)
trace:              (Name)
trace:           (Constant)
trace:     (Module)
trace:     (Expr)
trace:     (BoolOp And ['Call', 'Call'])
trace:        (Call Attribute list list)
trace:           (Attribute Name str)
trace:              (Name)
trace:           (Constant)
trace:        (Call Attribute list list)
trace:           (Attribute Name str)
trace:              (Name)
trace:           (Constant)
ExecutionResult(data={'tasks': [{'name': 'foo'}]}, errors=None)
