[
  {
    "op": "remove",
    "path": "/swagger"
  },
  {
    "op": "replace",
    "path": "/info/description",
    "value": "Optional multiline or single-line description in [CommonMark](http://commonmark.org/help/) or HTML."
  },
  {
    "op": "replace",
    "path": "/info/version",
    "value": "0.1.9"
  },
  {
    "op": "remove",
    "path": "/host"
  },
  {
    "op": "remove",
    "path": "/basePath"
  },
  {
    "op": "remove",
    "path": "/schemes"
  },
  {
    "op": "replace",
    "path": "/paths/~1users/get/description",
    "value": "Optional extended description in CommonMark or HTML."
  },
  {
    "op": "remove",
    "path": "/paths/~1users/get/produces"
  },
  {
    "op": "remove",
    "path": "/paths/~1users/get/responses/200"
  },
  {
    "op": "add",
    "path": "/paths/~1users/get/responses/200",
    "value": {
      "description": "A JSON array of user names",
      "content": {
        "application/json": {
          "schema": {
            "type": "array",
            "items": {
              "type": "string"
            }
          }
        }
      }
    }
  },
  {
    "op": "add",
    "path": "/openapi",
    "value": "3.0.0"
  },
  {
    "op": "add",
    "path": "/servers",
    "value": [
      {
        "url": "http://api.example.com/v1",
        "description": "Optional server description, e.g. Main (production) server"
      },
      {
        "url": "http://staging-api.example.com",
        "description": "Optional server description, e.g. Internal staging server for testing"
      }
    ]
  }
]