----------------------------------------
env   : None
input : 1
output: 1
----------------------------------------
env   : None
input : 1 + 1
output: (1 + 1)
----------------------------------------
env   : None
input : 2 * 3
output: (2 * 3)
----------------------------------------
env   : None
input : 2 * (3 + 1)
output: (2 * (3 + 1))
----------------------------------------
env   : None
input : (2 * 3) + 1
output: ((2 * 3) + 1)
----------------------------------------
env   : {'x': 10}
input : x
output: x
----------------------------------------
env   : {'x': 10}
input : x + 1
output: (x + 1)
----------------------------------------
env   : {'x': 10}
input : (x + 1) * x
output: ((x + 1) * x)
----------------------------------------
env   : {'x': 'foo'}
input : x * 3
output: (x * 3)
----------------------------------------
env   : {'x': 10}
input : x > 10
output: (x > 10)
----------------------------------------
env   : {'x': 10}
input : x >= 10
output: (x >= 10)
----------------------------------------
env   : {'x': 10}
input : 0 < x <= 10
output: ((0 < x) <= 10)
----------------------------------------
env   : {'x': 10}
input : 0 < x < 10
output: ((0 < x) < 10)
----------------------------------------
env   : {'x': 10}
input : 10 < x <= 100
output: ((10 < x) <= 100)
----------------------------------------
env   : None
input : True and True
output: (True and True)
----------------------------------------
env   : None
input : True and False
output: (True and False)
----------------------------------------
env   : None
input : False or True
output: (False or True)
----------------------------------------
env   : None
input : False or False
output: (False or False)
----------------------------------------
env   : {'x': 10}
input : 0 < x and x <= 10
output: ((0 < x) and (x <= 10))
----------------------------------------
env   : {'d': {'x': 10, 'y': 20}}
input : d['x'] + d['y']
output: (d['x'] + d['y'])
----------------------------------------
env   : {'ob': <class '__main__.main.<locals>.do_all.<locals>.ob'>}
input : ob.x * ob.y
output: (ob.x * ob.y)
----------------------------------------
env   : {'x': 'foo'}
input : x.center(10)
output: x.center(10)
----------------------------------------
env   : {'x': 'foo/bar/boo'}
input : x.split(sep='/')
output: x.split(sep='/')
----------------------------------------
env   : {'d': {'x': 10}}
input : (d["x"], d.get("y"))
output: (d['x'], d.get('y'))
----------------------------------------
env   : {'d': {'x': 10}}
input : [d["x"], d.get("y")]
output: [d['x'], d.get('y')]
----------------------------------------
env   : {'d': {'x': 10}}
input : {"x": d["x"], "y": d.get("y")}
output: {'x': d['x'], 'y': d.get('y')}
----------------------------------------
env   : {'x': 10}
input : {1, x, 3}
output: {1, x, 3}

****

----------------------------------------
env   : None
input : 1
output: 1
----------------------------------------
env   : None
input : 1 + 1
output: 2
----------------------------------------
env   : None
input : 2 * 3
output: 6
----------------------------------------
env   : None
input : 2 * (3 + 1)
output: 8
----------------------------------------
env   : None
input : (2 * 3) + 1
output: 7
----------------------------------------
env   : {'x': 10}
input : x
output: 10
----------------------------------------
env   : {'x': 10}
input : x + 1
output: 11
----------------------------------------
env   : {'x': 10}
input : (x + 1) * x
output: 110
----------------------------------------
env   : {'x': 'foo'}
input : x * 3
output: foofoofoo
----------------------------------------
env   : {'x': 10}
input : x > 10
output: False
----------------------------------------
env   : {'x': 10}
input : x >= 10
output: True
----------------------------------------
env   : {'x': 10}
input : 0 < x <= 10
output: True
----------------------------------------
env   : {'x': 10}
input : 0 < x < 10
output: True
----------------------------------------
env   : {'x': 10}
input : 10 < x <= 100
output: True
----------------------------------------
env   : None
input : True and True
output: True
----------------------------------------
env   : None
input : True and False
output: False
----------------------------------------
env   : None
input : False or True
output: True
----------------------------------------
env   : None
input : False or False
output: False
----------------------------------------
env   : {'x': 10}
input : 0 < x and x <= 10
output: True
----------------------------------------
env   : {'d': {'x': 10, 'y': 20}}
input : d['x'] + d['y']
output: 30
----------------------------------------
env   : {'ob': <class '__main__.main.<locals>.do_all.<locals>.ob'>}
input : ob.x * ob.y
output: 200
----------------------------------------
env   : {'x': 'foo'}
input : x.center(10)
output:    foo    
----------------------------------------
env   : {'x': 'foo/bar/boo'}
input : x.split(sep='/')
output: ['foo', 'bar', 'boo']
----------------------------------------
env   : {'d': {'x': 10}}
input : (d["x"], d.get("y"))
output: (10, None)
----------------------------------------
env   : {'d': {'x': 10}}
input : [d["x"], d.get("y")]
output: [10, None]
----------------------------------------
env   : {'d': {'x': 10}}
input : {"x": d["x"], "y": d.get("y")}
output: {'x': 10, 'y': None}
----------------------------------------
env   : {'x': 10}
input : {1, x, 3}
output: {1, 10, 3}
