----------------------------------------
input : 1
output: 1
----------------------------------------
input : x
output: 10
----------------------------------------
input : d["x"]
output: 10
----------------------------------------
input : (d["x"], d["y"])
output: (10, None)
----------------------------------------
input : [d["x"], d["y"]]
output: [10, None]
----------------------------------------
input : [d["x"], d["y"], d["x"]["y"]["z"]]
output: [10, None, None]
----------------------------------------
input : {"x": d["x"], "y": d["y"]}
output: {'x': 10, 'y': None}
