Archive:  myapp.pyz
Zip file size: 2673563 bytes, number of entries: 252
-rwxr-xr-x  2.0 unx      227 b- defN 21-Feb-03 15:08 site-packages/bin/myapp2
-rwxr-xr-x  2.0 unx      235 b- defN 21-Feb-03 15:08 site-packages/bin/uvicorn
-rw-r--r--  2.0 unx        4 b- defN 21-Feb-03 15:08 site-packages/click-7.1.2.dist-info/INSTALLER
-rw-r--r--  2.0 unx     1475 b- defN 21-Feb-03 15:08 site-packages/click-7.1.2.dist-info/LICENSE.rst
-rw-r--r--  2.0 unx     2868 b- defN 21-Feb-03 15:08 site-packages/click-7.1.2.dist-info/METADATA
-rw-r--r--  2.0 unx     2532 b- defN 21-Feb-03 15:08 site-packages/click-7.1.2.dist-info/RECORD
-rw-r--r--  2.0 unx      110 b- defN 21-Feb-03 15:08 site-packages/click-7.1.2.dist-info/WHEEL
-rw-r--r--  2.0 unx        6 b- defN 21-Feb-03 15:08 site-packages/click-7.1.2.dist-info/top_level.txt
-rw-r--r--  2.0 unx     2463 b- defN 21-Feb-03 15:08 site-packages/click/__init__.py
-rw-r--r--  2.0 unx    12309 b- defN 21-Feb-03 15:08 site-packages/click/_bashcomplete.py
-rw-r--r--  2.0 unx    24169 b- defN 21-Feb-03 15:08 site-packages/click/_compat.py
-rw-r--r--  2.0 unx    20702 b- defN 21-Feb-03 15:08 site-packages/click/_termui_impl.py
-rw-r--r--  2.0 unx     1197 b- defN 21-Feb-03 15:08 site-packages/click/_textwrap.py
-rw-r--r--  2.0 unx     4201 b- defN 21-Feb-03 15:08 site-packages/click/_unicodefun.py
-rw-r--r--  2.0 unx    10010 b- defN 21-Feb-03 15:08 site-packages/click/_winconsole.py
-rw-r--r--  2.0 unx    77650 b- defN 21-Feb-03 15:08 site-packages/click/core.py
-rw-r--r--  2.0 unx    11215 b- defN 21-Feb-03 15:08 site-packages/click/decorators.py
-rw-r--r--  2.0 unx     8118 b- defN 21-Feb-03 15:08 site-packages/click/exceptions.py
-rw-r--r--  2.0 unx     9281 b- defN 21-Feb-03 15:08 site-packages/click/formatting.py
-rw-r--r--  2.0 unx     1501 b- defN 21-Feb-03 15:08 site-packages/click/globals.py
-rw-r--r--  2.0 unx    15691 b- defN 21-Feb-03 15:08 site-packages/click/parser.py
-rw-r--r--  2.0 unx    23998 b- defN 21-Feb-03 15:08 site-packages/click/termui.py
-rw-r--r--  2.0 unx    12854 b- defN 21-Feb-03 15:08 site-packages/click/testing.py
-rw-r--r--  2.0 unx    25045 b- defN 21-Feb-03 15:08 site-packages/click/types.py
-rw-r--r--  2.0 unx    15940 b- defN 21-Feb-03 15:08 site-packages/click/utils.py
-rw-r--r--  2.0 unx        4 b- defN 21-Feb-03 15:08 site-packages/fastapi-0.63.0.dist-info/INSTALLER
-rw-r--r--  2.0 unx     1086 b- defN 21-Feb-03 15:08 site-packages/fastapi-0.63.0.dist-info/LICENSE
-rw-r--r--  2.0 unx    22908 b- defN 21-Feb-03 15:08 site-packages/fastapi-0.63.0.dist-info/METADATA
-rw-r--r--  2.0 unx     5959 b- defN 21-Feb-03 15:08 site-packages/fastapi-0.63.0.dist-info/RECORD
-rw-r--r--  2.0 unx       81 b- defN 21-Feb-03 15:08 site-packages/fastapi-0.63.0.dist-info/WHEEL
-rw-r--r--  2.0 unx     1015 b- defN 21-Feb-03 15:08 site-packages/fastapi/__init__.py
-rw-r--r--  2.0 unx    31603 b- defN 21-Feb-03 15:08 site-packages/fastapi/applications.py
-rw-r--r--  2.0 unx       76 b- defN 21-Feb-03 15:08 site-packages/fastapi/background.py
-rw-r--r--  2.0 unx     1720 b- defN 21-Feb-03 15:08 site-packages/fastapi/concurrency.py
-rw-r--r--  2.0 unx     1389 b- defN 21-Feb-03 15:08 site-packages/fastapi/datastructures.py
-rw-r--r--  2.0 unx        0 b- defN 21-Feb-03 15:08 site-packages/fastapi/dependencies/__init__.py
-rw-r--r--  2.0 unx     2494 b- defN 21-Feb-03 15:08 site-packages/fastapi/dependencies/models.py
-rw-r--r--  2.0 unx    28831 b- defN 21-Feb-03 15:08 site-packages/fastapi/dependencies/utils.py
-rw-r--r--  2.0 unx     5268 b- defN 21-Feb-03 15:08 site-packages/fastapi/encoders.py
-rw-r--r--  2.0 unx      912 b- defN 21-Feb-03 15:08 site-packages/fastapi/exception_handlers.py
-rw-r--r--  2.0 unx     1080 b- defN 21-Feb-03 15:08 site-packages/fastapi/exceptions.py
-rw-r--r--  2.0 unx       54 b- defN 21-Feb-03 15:08 site-packages/fastapi/logger.py
-rw-r--r--  2.0 unx       58 b- defN 21-Feb-03 15:08 site-packages/fastapi/middleware/__init__.py
-rw-r--r--  2.0 unx       79 b- defN 21-Feb-03 15:08 site-packages/fastapi/middleware/cors.py
-rw-r--r--  2.0 unx       79 b- defN 21-Feb-03 15:08 site-packages/fastapi/middleware/gzip.py
-rw-r--r--  2.0 unx      115 b- defN 21-Feb-03 15:08 site-packages/fastapi/middleware/httpsredirect.py
-rw-r--r--  2.0 unx      109 b- defN 21-Feb-03 15:08 site-packages/fastapi/middleware/trustedhost.py
-rw-r--r--  2.0 unx       79 b- defN 21-Feb-03 15:08 site-packages/fastapi/middleware/wsgi.py
-rw-r--r--  2.0 unx        0 b- defN 21-Feb-03 15:08 site-packages/fastapi/openapi/__init__.py
-rw-r--r--  2.0 unx      166 b- defN 21-Feb-03 15:08 site-packages/fastapi/openapi/constants.py
-rw-r--r--  2.0 unx     5538 b- defN 21-Feb-03 15:08 site-packages/fastapi/openapi/docs.py
-rw-r--r--  2.0 unx    10439 b- defN 21-Feb-03 15:08 site-packages/fastapi/openapi/models.py
-rw-r--r--  2.0 unx    15448 b- defN 21-Feb-03 15:08 site-packages/fastapi/openapi/utils.py
-rw-r--r--  2.0 unx     6118 b- defN 21-Feb-03 15:08 site-packages/fastapi/param_functions.py
-rw-r--r--  2.0 unx     8832 b- defN 21-Feb-03 15:08 site-packages/fastapi/params.py
-rw-r--r--  2.0 unx        0 b- defN 21-Feb-03 15:08 site-packages/fastapi/py.typed
-rw-r--r--  2.0 unx      142 b- defN 21-Feb-03 15:08 site-packages/fastapi/requests.py
-rw-r--r--  2.0 unx      936 b- defN 21-Feb-03 15:08 site-packages/fastapi/responses.py
-rw-r--r--  2.0 unx    46856 b- defN 21-Feb-03 15:08 site-packages/fastapi/routing.py
-rw-r--r--  2.0 unx      881 b- defN 21-Feb-03 15:08 site-packages/fastapi/security/__init__.py
-rw-r--r--  2.0 unx     2427 b- defN 21-Feb-03 15:08 site-packages/fastapi/security/api_key.py
-rw-r--r--  2.0 unx      141 b- defN 21-Feb-03 15:08 site-packages/fastapi/security/base.py
-rw-r--r--  2.0 unx     5640 b- defN 21-Feb-03 15:08 site-packages/fastapi/security/http.py
-rw-r--r--  2.0 unx     7861 b- defN 21-Feb-03 15:08 site-packages/fastapi/security/oauth2.py
-rw-r--r--  2.0 unx     1055 b- defN 21-Feb-03 15:08 site-packages/fastapi/security/open_id_connect_url.py
-rw-r--r--  2.0 unx      266 b- defN 21-Feb-03 15:08 site-packages/fastapi/security/utils.py
-rw-r--r--  2.0 unx       69 b- defN 21-Feb-03 15:08 site-packages/fastapi/staticfiles.py
-rw-r--r--  2.0 unx       76 b- defN 21-Feb-03 15:08 site-packages/fastapi/templating.py
-rw-r--r--  2.0 unx       66 b- defN 21-Feb-03 15:08 site-packages/fastapi/testclient.py
-rw-r--r--  2.0 unx      118 b- defN 21-Feb-03 15:08 site-packages/fastapi/types.py
-rw-r--r--  2.0 unx     5545 b- defN 21-Feb-03 15:08 site-packages/fastapi/utils.py
-rw-r--r--  2.0 unx      148 b- defN 21-Feb-03 15:08 site-packages/fastapi/websockets.py
-rw-r--r--  2.0 unx        4 b- defN 21-Feb-03 15:08 site-packages/h11-0.12.0.dist-info/INSTALLER
-rw-r--r--  2.0 unx     1124 b- defN 21-Feb-03 15:08 site-packages/h11-0.12.0.dist-info/LICENSE.txt
-rw-r--r--  2.0 unx     8109 b- defN 21-Feb-03 15:08 site-packages/h11-0.12.0.dist-info/METADATA
-rw-r--r--  2.0 unx     3316 b- defN 21-Feb-03 15:08 site-packages/h11-0.12.0.dist-info/RECORD
-rw-r--r--  2.0 unx       92 b- defN 21-Feb-03 15:08 site-packages/h11-0.12.0.dist-info/WHEEL
-rw-r--r--  2.0 unx        4 b- defN 21-Feb-03 15:08 site-packages/h11-0.12.0.dist-info/top_level.txt
-rw-r--r--  2.0 unx      909 b- defN 21-Feb-03 15:08 site-packages/h11/__init__.py
-rw-r--r--  2.0 unx     4637 b- defN 21-Feb-03 15:08 site-packages/h11/_abnf.py
-rw-r--r--  2.0 unx    24964 b- defN 21-Feb-03 15:08 site-packages/h11/_connection.py
-rw-r--r--  2.0 unx     9834 b- defN 21-Feb-03 15:08 site-packages/h11/_events.py
-rw-r--r--  2.0 unx     9130 b- defN 21-Feb-03 15:08 site-packages/h11/_headers.py
-rw-r--r--  2.0 unx     7280 b- defN 21-Feb-03 15:08 site-packages/h11/_readers.py
-rw-r--r--  2.0 unx     5029 b- defN 21-Feb-03 15:08 site-packages/h11/_receivebuffer.py
-rw-r--r--  2.0 unx    12167 b- defN 21-Feb-03 15:08 site-packages/h11/_state.py
-rw-r--r--  2.0 unx     4387 b- defN 21-Feb-03 15:08 site-packages/h11/_util.py
-rw-r--r--  2.0 unx      686 b- defN 21-Feb-03 15:08 site-packages/h11/_version.py
-rw-r--r--  2.0 unx     4173 b- defN 21-Feb-03 15:08 site-packages/h11/_writers.py
-rw-r--r--  2.0 unx        0 b- defN 21-Feb-03 15:08 site-packages/h11/tests/__init__.py
-rw-r--r--  2.0 unx       65 b- defN 21-Feb-03 15:08 site-packages/h11/tests/data/test-file
-rw-r--r--  2.0 unx     2528 b- defN 21-Feb-03 15:08 site-packages/h11/tests/helpers.py
-rw-r--r--  2.0 unx     3700 b- defN 21-Feb-03 15:08 site-packages/h11/tests/test_against_stdlib_http.py
-rw-r--r--  2.0 unx    36375 b- defN 21-Feb-03 15:08 site-packages/h11/tests/test_connection.py
-rw-r--r--  2.0 unx     5182 b- defN 21-Feb-03 15:08 site-packages/h11/tests/test_events.py
-rw-r--r--  2.0 unx     5390 b- defN 21-Feb-03 15:08 site-packages/h11/tests/test_headers.py
-rw-r--r--  2.0 unx      573 b- defN 21-Feb-03 15:08 site-packages/h11/tests/test_helpers.py
-rw-r--r--  2.0 unx    15494 b- defN 21-Feb-03 15:08 site-packages/h11/tests/test_io.py
-rw-r--r--  2.0 unx     3399 b- defN 21-Feb-03 15:08 site-packages/h11/tests/test_receivebuffer.py
-rw-r--r--  2.0 unx     8551 b- defN 21-Feb-03 15:08 site-packages/h11/tests/test_state.py
-rw-r--r--  2.0 unx     2710 b- defN 21-Feb-03 15:08 site-packages/h11/tests/test_util.py
-rw-r--r--  2.0 unx      281 b- defN 21-Feb-03 15:08 site-packages/main.py
-rw-r--r--  2.0 unx        4 b- defN 21-Feb-03 15:08 site-packages/myapp2-0.0.0.dist-info/INSTALLER
-rw-r--r--  2.0 unx      216 b- defN 21-Feb-03 15:08 site-packages/myapp2-0.0.0.dist-info/METADATA
-rw-r--r--  2.0 unx      844 b- defN 21-Feb-03 15:08 site-packages/myapp2-0.0.0.dist-info/RECORD
-rw-r--r--  2.0 unx        0 b- defN 21-Feb-03 15:08 site-packages/myapp2-0.0.0.dist-info/REQUESTED
-rw-r--r--  2.0 unx       92 b- defN 21-Feb-03 15:08 site-packages/myapp2-0.0.0.dist-info/WHEEL
-rw-r--r--  2.0 unx      119 b- defN 21-Feb-03 15:08 site-packages/myapp2-0.0.0.dist-info/direct_url.json
-rw-r--r--  2.0 unx       38 b- defN 21-Feb-03 15:08 site-packages/myapp2-0.0.0.dist-info/entry_points.txt
-rw-r--r--  2.0 unx        1 b- defN 21-Feb-03 15:08 site-packages/myapp2-0.0.0.dist-info/top_level.txt
-rw-r--r--  2.0 unx        4 b- defN 21-Feb-03 15:08 site-packages/pydantic-1.7.3.dist-info/INSTALLER
-rw-r--r--  2.0 unx     1115 b- defN 21-Feb-03 15:08 site-packages/pydantic-1.7.3.dist-info/LICENSE
-rw-r--r--  2.0 unx    84912 b- defN 21-Feb-03 15:08 site-packages/pydantic-1.7.3.dist-info/METADATA
-rw-r--r--  2.0 unx     5601 b- defN 21-Feb-03 15:08 site-packages/pydantic-1.7.3.dist-info/RECORD
-rw-r--r--  2.0 unx      109 b- defN 21-Feb-03 15:08 site-packages/pydantic-1.7.3.dist-info/WHEEL
-rw-r--r--  2.0 unx        9 b- defN 21-Feb-03 15:08 site-packages/pydantic-1.7.3.dist-info/top_level.txt
-rwxr-xr-x  2.0 unx    53720 b- defN 21-Feb-03 15:08 site-packages/pydantic/__init__.cpython-38-darwin.so
-rw-r--r--  2.0 unx     2103 b- defN 21-Feb-03 15:08 site-packages/pydantic/__init__.py
-rwxr-xr-x  2.0 unx   328408 b- defN 21-Feb-03 15:08 site-packages/pydantic/class_validators.cpython-38-darwin.so
-rw-r--r--  2.0 unx    13410 b- defN 21-Feb-03 15:08 site-packages/pydantic/class_validators.py
-rwxr-xr-x  2.0 unx   406616 b- defN 21-Feb-03 15:08 site-packages/pydantic/color.cpython-38-darwin.so
-rw-r--r--  2.0 unx    16635 b- defN 21-Feb-03 15:08 site-packages/pydantic/color.py
-rwxr-xr-x  2.0 unx   224736 b- defN 21-Feb-03 15:08 site-packages/pydantic/dataclasses.cpython-38-darwin.so
-rw-r--r--  2.0 unx     8214 b- defN 21-Feb-03 15:08 site-packages/pydantic/dataclasses.py
-rwxr-xr-x  2.0 unx   174928 b- defN 21-Feb-03 15:08 site-packages/pydantic/datetime_parse.cpython-38-darwin.so
-rw-r--r--  2.0 unx     7503 b- defN 21-Feb-03 15:08 site-packages/pydantic/datetime_parse.py
-rwxr-xr-x  2.0 unx   230952 b- defN 21-Feb-03 15:08 site-packages/pydantic/decorator.cpython-38-darwin.so
-rw-r--r--  2.0 unx     8819 b- defN 21-Feb-03 15:08 site-packages/pydantic/decorator.py
-rwxr-xr-x  2.0 unx   198280 b- defN 21-Feb-03 15:08 site-packages/pydantic/env_settings.cpython-38-darwin.so
-rw-r--r--  2.0 unx     6718 b- defN 21-Feb-03 15:08 site-packages/pydantic/env_settings.py
-rwxr-xr-x  2.0 unx   208032 b- defN 21-Feb-03 15:08 site-packages/pydantic/error_wrappers.cpython-38-darwin.so
-rw-r--r--  2.0 unx     4969 b- defN 21-Feb-03 15:08 site-packages/pydantic/error_wrappers.py
-rwxr-xr-x  2.0 unx   361728 b- defN 21-Feb-03 15:08 site-packages/pydantic/errors.cpython-38-darwin.so
-rw-r--r--  2.0 unx    15513 b- defN 21-Feb-03 15:08 site-packages/pydantic/errors.py
-rwxr-xr-x  2.0 unx   594360 b- defN 21-Feb-03 15:08 site-packages/pydantic/fields.cpython-38-darwin.so
-rw-r--r--  2.0 unx    31501 b- defN 21-Feb-03 15:08 site-packages/pydantic/fields.py
-rw-r--r--  2.0 unx     6892 b- defN 21-Feb-03 15:08 site-packages/pydantic/generics.py
-rwxr-xr-x  2.0 unx   121872 b- defN 21-Feb-03 15:08 site-packages/pydantic/json.cpython-38-darwin.so
-rw-r--r--  2.0 unx     2564 b- defN 21-Feb-03 15:08 site-packages/pydantic/json.py
-rwxr-xr-x  2.0 unx   679744 b- defN 21-Feb-03 15:08 site-packages/pydantic/main.cpython-38-darwin.so
-rw-r--r--  2.0 unx    39187 b- defN 21-Feb-03 15:08 site-packages/pydantic/main.py
-rwxr-xr-x  2.0 unx   548760 b- defN 21-Feb-03 15:08 site-packages/pydantic/mypy.cpython-38-darwin.so
-rw-r--r--  2.0 unx    27651 b- defN 21-Feb-03 15:08 site-packages/pydantic/mypy.py
-rwxr-xr-x  2.0 unx   373856 b- defN 21-Feb-03 15:08 site-packages/pydantic/networks.cpython-38-darwin.so
-rw-r--r--  2.0 unx    14206 b- defN 21-Feb-03 15:08 site-packages/pydantic/networks.py
-rwxr-xr-x  2.0 unx    95680 b- defN 21-Feb-03 15:08 site-packages/pydantic/parse.cpython-38-darwin.so
-rw-r--r--  2.0 unx     1810 b- defN 21-Feb-03 15:08 site-packages/pydantic/parse.py
-rw-r--r--  2.0 unx        0 b- defN 21-Feb-03 15:08 site-packages/pydantic/py.typed
-rwxr-xr-x  2.0 unx   732456 b- defN 21-Feb-03 15:08 site-packages/pydantic/schema.cpython-38-darwin.so
-rw-r--r--  2.0 unx    39693 b- defN 21-Feb-03 15:08 site-packages/pydantic/schema.py
-rwxr-xr-x  2.0 unx   118832 b- defN 21-Feb-03 15:08 site-packages/pydantic/tools.cpython-38-darwin.so
-rw-r--r--  2.0 unx     2169 b- defN 21-Feb-03 15:08 site-packages/pydantic/tools.py
-rwxr-xr-x  2.0 unx   639120 b- defN 21-Feb-03 15:08 site-packages/pydantic/types.cpython-38-darwin.so
-rw-r--r--  2.0 unx    25544 b- defN 21-Feb-03 15:08 site-packages/pydantic/types.py
-rwxr-xr-x  2.0 unx   266736 b- defN 21-Feb-03 15:08 site-packages/pydantic/typing.cpython-38-darwin.so
-rw-r--r--  2.0 unx     9444 b- defN 21-Feb-03 15:08 site-packages/pydantic/typing.py
-rwxr-xr-x  2.0 unx   434272 b- defN 21-Feb-03 15:08 site-packages/pydantic/utils.cpython-38-darwin.so
-rw-r--r--  2.0 unx    20944 b- defN 21-Feb-03 15:08 site-packages/pydantic/utils.py
-rwxr-xr-x  2.0 unx   596856 b- defN 21-Feb-03 15:08 site-packages/pydantic/validators.cpython-38-darwin.so
-rw-r--r--  2.0 unx    16839 b- defN 21-Feb-03 15:08 site-packages/pydantic/validators.py
-rwxr-xr-x  2.0 unx    78304 b- defN 21-Feb-03 15:08 site-packages/pydantic/version.cpython-38-darwin.so
-rw-r--r--  2.0 unx      838 b- defN 21-Feb-03 15:08 site-packages/pydantic/version.py
-rw-r--r--  2.0 unx        4 b- defN 21-Feb-03 15:08 site-packages/starlette-0.13.6.dist-info/INSTALLER
-rw-r--r--  2.0 unx     1518 b- defN 21-Feb-03 15:08 site-packages/starlette-0.13.6.dist-info/LICENSE.md
-rw-r--r--  2.0 unx     6588 b- defN 21-Feb-03 15:08 site-packages/starlette-0.13.6.dist-info/METADATA
-rw-r--r--  2.0 unx     4938 b- defN 21-Feb-03 15:08 site-packages/starlette-0.13.6.dist-info/RECORD
-rw-r--r--  2.0 unx       92 b- defN 21-Feb-03 15:08 site-packages/starlette-0.13.6.dist-info/WHEEL
-rw-r--r--  2.0 unx       31 b- defN 21-Feb-03 15:08 site-packages/starlette-0.13.6.dist-info/top_level.txt
-rw-r--r--  2.0 unx       23 b- defN 21-Feb-03 15:08 site-packages/starlette/__init__.py
-rw-r--r--  2.0 unx     7602 b- defN 21-Feb-03 15:08 site-packages/starlette/applications.py
-rw-r--r--  2.0 unx     4422 b- defN 21-Feb-03 15:08 site-packages/starlette/authentication.py
-rw-r--r--  2.0 unx      996 b- defN 21-Feb-03 15:08 site-packages/starlette/background.py
-rw-r--r--  2.0 unx     1739 b- defN 21-Feb-03 15:08 site-packages/starlette/concurrency.py
-rw-r--r--  2.0 unx     3649 b- defN 21-Feb-03 15:08 site-packages/starlette/config.py
-rw-r--r--  2.0 unx     2065 b- defN 21-Feb-03 15:08 site-packages/starlette/convertors.py
-rw-r--r--  2.0 unx    21410 b- defN 21-Feb-03 15:08 site-packages/starlette/datastructures.py
-rw-r--r--  2.0 unx     4613 b- defN 21-Feb-03 15:08 site-packages/starlette/endpoints.py
-rw-r--r--  2.0 unx     3583 b- defN 21-Feb-03 15:08 site-packages/starlette/exceptions.py
-rw-r--r--  2.0 unx     8771 b- defN 21-Feb-03 15:08 site-packages/starlette/formparsers.py
-rw-r--r--  2.0 unx    10113 b- defN 21-Feb-03 15:08 site-packages/starlette/graphql.py
-rw-r--r--  2.0 unx      546 b- defN 21-Feb-03 15:08 site-packages/starlette/middleware/__init__.py
-rw-r--r--  2.0 unx     1778 b- defN 21-Feb-03 15:08 site-packages/starlette/middleware/authentication.py
-rw-r--r--  2.0 unx     2282 b- defN 21-Feb-03 15:08 site-packages/starlette/middleware/base.py
-rw-r--r--  2.0 unx     6670 b- defN 21-Feb-03 15:08 site-packages/starlette/middleware/cors.py
-rw-r--r--  2.0 unx     7642 b- defN 21-Feb-03 15:08 site-packages/starlette/middleware/errors.py
-rw-r--r--  2.0 unx     3850 b- defN 21-Feb-03 15:08 site-packages/starlette/middleware/gzip.py
-rw-r--r--  2.0 unx      848 b- defN 21-Feb-03 15:08 site-packages/starlette/middleware/httpsredirect.py
-rw-r--r--  2.0 unx     3054 b- defN 21-Feb-03 15:08 site-packages/starlette/middleware/sessions.py
-rw-r--r--  2.0 unx     2177 b- defN 21-Feb-03 15:08 site-packages/starlette/middleware/trustedhost.py
-rw-r--r--  2.0 unx     5251 b- defN 21-Feb-03 15:08 site-packages/starlette/middleware/wsgi.py
-rw-r--r--  2.0 unx        0 b- defN 21-Feb-03 15:08 site-packages/starlette/py.typed
-rw-r--r--  2.0 unx     9071 b- defN 21-Feb-03 15:08 site-packages/starlette/requests.py
-rw-r--r--  2.0 unx    10998 b- defN 21-Feb-03 15:08 site-packages/starlette/responses.py
-rw-r--r--  2.0 unx    25049 b- defN 21-Feb-03 15:08 site-packages/starlette/routing.py
-rw-r--r--  2.0 unx     4474 b- defN 21-Feb-03 15:08 site-packages/starlette/schemas.py
-rw-r--r--  2.0 unx     7744 b- defN 21-Feb-03 15:08 site-packages/starlette/staticfiles.py
-rw-r--r--  2.0 unx     2517 b- defN 21-Feb-03 15:08 site-packages/starlette/status.py
-rw-r--r--  2.0 unx     2755 b- defN 21-Feb-03 15:08 site-packages/starlette/templating.py
-rw-r--r--  2.0 unx    17008 b- defN 21-Feb-03 15:08 site-packages/starlette/testclient.py
-rw-r--r--  2.0 unx      302 b- defN 21-Feb-03 15:08 site-packages/starlette/types.py
-rw-r--r--  2.0 unx     5590 b- defN 21-Feb-03 15:08 site-packages/starlette/websockets.py
-rw-r--r--  2.0 unx        4 b- defN 21-Feb-03 15:08 site-packages/uvicorn-0.13.3.dist-info/INSTALLER
-rw-r--r--  2.0 unx     1525 b- defN 21-Feb-03 15:08 site-packages/uvicorn-0.13.3.dist-info/LICENSE.md
-rw-r--r--  2.0 unx     4613 b- defN 21-Feb-03 15:08 site-packages/uvicorn-0.13.3.dist-info/METADATA
-rw-r--r--  2.0 unx     6014 b- defN 21-Feb-03 15:08 site-packages/uvicorn-0.13.3.dist-info/RECORD
-rw-r--r--  2.0 unx       92 b- defN 21-Feb-03 15:08 site-packages/uvicorn-0.13.3.dist-info/WHEEL
-rw-r--r--  2.0 unx       57 b- defN 21-Feb-03 15:08 site-packages/uvicorn-0.13.3.dist-info/entry_points.txt
-rw-r--r--  2.0 unx      148 b- defN 21-Feb-03 15:08 site-packages/uvicorn-0.13.3.dist-info/top_level.txt
-rw-r--r--  2.0 unx      147 b- defN 21-Feb-03 15:08 site-packages/uvicorn/__init__.py
-rw-r--r--  2.0 unx       62 b- defN 21-Feb-03 15:08 site-packages/uvicorn/__main__.py
-rw-r--r--  2.0 unx      698 b- defN 21-Feb-03 15:08 site-packages/uvicorn/_types.py
-rw-r--r--  2.0 unx    13195 b- defN 21-Feb-03 15:08 site-packages/uvicorn/config.py
-rw-r--r--  2.0 unx     1131 b- defN 21-Feb-03 15:08 site-packages/uvicorn/importer.py
-rw-r--r--  2.0 unx        0 b- defN 21-Feb-03 15:08 site-packages/uvicorn/lifespan/__init__.py
-rw-r--r--  2.0 unx      232 b- defN 21-Feb-03 15:08 site-packages/uvicorn/lifespan/off.py
-rw-r--r--  2.0 unx     3677 b- defN 21-Feb-03 15:08 site-packages/uvicorn/lifespan/on.py
-rw-r--r--  2.0 unx     3844 b- defN 21-Feb-03 15:08 site-packages/uvicorn/logging.py
-rw-r--r--  2.0 unx        0 b- defN 21-Feb-03 15:08 site-packages/uvicorn/loops/__init__.py
-rw-r--r--  2.0 unx      438 b- defN 21-Feb-03 15:08 site-packages/uvicorn/loops/asyncio.py
-rw-r--r--  2.0 unx      286 b- defN 21-Feb-03 15:08 site-packages/uvicorn/loops/auto.py
-rw-r--r--  2.0 unx      112 b- defN 21-Feb-03 15:08 site-packages/uvicorn/loops/uvloop.py
-rw-r--r--  2.0 unx     9809 b- defN 21-Feb-03 15:08 site-packages/uvicorn/main.py
-rw-r--r--  2.0 unx        0 b- defN 21-Feb-03 15:08 site-packages/uvicorn/middleware/__init__.py
-rw-r--r--  2.0 unx      201 b- defN 21-Feb-03 15:08 site-packages/uvicorn/middleware/asgi2.py
-rw-r--r--  2.0 unx     2709 b- defN 21-Feb-03 15:08 site-packages/uvicorn/middleware/debug.py
-rw-r--r--  2.0 unx     2296 b- defN 21-Feb-03 15:08 site-packages/uvicorn/middleware/message_logger.py
-rw-r--r--  2.0 unx     2011 b- defN 21-Feb-03 15:08 site-packages/uvicorn/middleware/proxy_headers.py
-rw-r--r--  2.0 unx     4948 b- defN 21-Feb-03 15:08 site-packages/uvicorn/middleware/wsgi.py
-rw-r--r--  2.0 unx        0 b- defN 21-Feb-03 15:08 site-packages/uvicorn/protocols/__init__.py
-rw-r--r--  2.0 unx        0 b- defN 21-Feb-03 15:08 site-packages/uvicorn/protocols/http/__init__.py
-rw-r--r--  2.0 unx      290 b- defN 21-Feb-03 15:08 site-packages/uvicorn/protocols/http/auto.py
-rw-r--r--  2.0 unx    18216 b- defN 21-Feb-03 15:08 site-packages/uvicorn/protocols/http/h11_impl.py
-rw-r--r--  2.0 unx    19240 b- defN 21-Feb-03 15:08 site-packages/uvicorn/protocols/http/httptools_impl.py
-rw-r--r--  2.0 unx     1608 b- defN 21-Feb-03 15:08 site-packages/uvicorn/protocols/utils.py
-rw-r--r--  2.0 unx        0 b- defN 21-Feb-03 15:08 site-packages/uvicorn/protocols/websockets/__init__.py
-rw-r--r--  2.0 unx      438 b- defN 21-Feb-03 15:08 site-packages/uvicorn/protocols/websockets/auto.py
-rw-r--r--  2.0 unx     8870 b- defN 21-Feb-03 15:08 site-packages/uvicorn/protocols/websockets/websockets_impl.py
-rw-r--r--  2.0 unx    11244 b- defN 21-Feb-03 15:08 site-packages/uvicorn/protocols/websockets/wsproto_impl.py
-rw-r--r--  2.0 unx     9023 b- defN 21-Feb-03 15:08 site-packages/uvicorn/server.py
-rw-r--r--  2.0 unx     2058 b- defN 21-Feb-03 15:08 site-packages/uvicorn/subprocess.py
-rw-r--r--  2.0 unx      284 b- defN 21-Feb-03 15:08 site-packages/uvicorn/supervisors/__init__.py
-rw-r--r--  2.0 unx     2288 b- defN 21-Feb-03 15:08 site-packages/uvicorn/supervisors/basereload.py
-rw-r--r--  2.0 unx     1828 b- defN 21-Feb-03 15:08 site-packages/uvicorn/supervisors/multiprocess.py
-rw-r--r--  2.0 unx     1407 b- defN 21-Feb-03 15:08 site-packages/uvicorn/supervisors/statreload.py
-rw-r--r--  2.0 unx     1943 b- defN 21-Feb-03 15:08 site-packages/uvicorn/supervisors/watchgodreload.py
-rw-r--r--  2.0 unx     2849 b- defN 21-Feb-03 15:08 site-packages/uvicorn/workers.py
-rw-r--r--  2.0 unx     8623 b- defN 21-Feb-03 15:08 _bootstrap/__init__.py
-rw-r--r--  2.0 unx     2732 b- defN 21-Feb-03 15:08 _bootstrap/environment.py
-rw-r--r--  2.0 unx     2063 b- defN 21-Feb-03 15:08 _bootstrap/filelock.py
-rw-r--r--  2.0 unx     1762 b- defN 21-Feb-03 15:08 _bootstrap/interpreter.py
?rw-------  2.0 unx      356 b- defN 21-Feb-03 15:08 environment.json
?rw-------  2.0 unx       65 b- defN 21-Feb-03 15:08 __main__.py
252 files, 8929338 bytes uncompressed, 2634340 bytes compressed:  70.5%
