DEBUG:pycomment.parse:  visit_file_input (prefix='', value=None, type=256)
DEBUG:pycomment.parse:    visit_funcdef (prefix='', value=None, type=295)
DEBUG:pycomment.parse:      visit_NAME (prefix='', value='def', type=1)
DEBUG:pycomment.parse:      visit_NAME (prefix=' ', value='foo', type=1)
DEBUG:pycomment.parse:      visit_parameters (prefix='', value=None, type=309)
DEBUG:pycomment.parse:        visit_LPAR (prefix='', value='(', type=7)
DEBUG:pycomment.parse:        visit_typedargslist (prefix='', value=None, type=337)
DEBUG:pycomment.parse:          visit_NAME (prefix='', value='x', type=1)
DEBUG:pycomment.parse:          visit_COMMA (prefix='', value=',', type=12)
DEBUG:pycomment.parse:          visit_NAME (prefix=' ', value='y', type=1)
DEBUG:pycomment.parse:        visit_RPAR (prefix='', value=')', type=8)
DEBUG:pycomment.parse:      visit_RARROW (prefix=' ', value='->', type=55)
DEBUG:pycomment.parse:      visit_NAME (prefix=' ', value='int', type=1)
DEBUG:pycomment.parse:      visit_COLON (prefix='', value=':', type=11)
DEBUG:pycomment.parse:      visit_suite (prefix='', value=None, type=324)
DEBUG:pycomment.parse:        visit_NEWLINE (prefix='', value='\n', type=4)
DEBUG:pycomment.parse:        visit_INDENT (prefix='', value='    ', type=5)
DEBUG:pycomment.parse:        visit_simple_stmt (prefix='', value=None, type=316)
DEBUG:pycomment.parse:          visit_STRING (prefix='', value='"""before"""', type=3)
DEBUG:pycomment.parse:          visit_NEWLINE (prefix='', value='\n', type=4)
DEBUG:pycomment.parse:        visit_simple_stmt (prefix='    ', value=None, type=316)
DEBUG:pycomment.parse:          visit_NAME (prefix='    ', value='pass', type=1)
DEBUG:pycomment.parse:          visit_NEWLINE (prefix='', value='\n', type=4)
DEBUG:pycomment.parse:        visit_DEDENT (prefix='\n\n', value='', type=6)
DEBUG:pycomment.parse:    visit_funcdef (prefix='', value=None, type=295)
DEBUG:pycomment.parse:      visit_NAME (prefix='', value='def', type=1)
DEBUG:pycomment.parse:      visit_NAME (prefix=' ', value='bar', type=1)
DEBUG:pycomment.parse:      visit_parameters (prefix='', value=None, type=309)
DEBUG:pycomment.parse:        visit_LPAR (prefix='', value='(', type=7)
DEBUG:pycomment.parse:        visit_NAME (prefix='', value='x', type=1)
DEBUG:pycomment.parse:        visit_RPAR (prefix='', value=')', type=8)
DEBUG:pycomment.parse:      visit_RARROW (prefix=' ', value='->', type=55)
DEBUG:pycomment.parse:      visit_NAME (prefix=' ', value='int', type=1)
DEBUG:pycomment.parse:      visit_COLON (prefix='', value=':', type=11)
DEBUG:pycomment.parse:      visit_suite (prefix='', value=None, type=324)
DEBUG:pycomment.parse:        visit_NEWLINE (prefix='', value='\n', type=4)
DEBUG:pycomment.parse:        visit_INDENT (prefix='', value='    ', type=5)
DEBUG:pycomment.parse:        visit_simple_stmt (prefix='', value=None, type=316)
DEBUG:pycomment.parse:          visit_STRING (prefix='', value='"""before"""', type=3)
DEBUG:pycomment.parse:          visit_NEWLINE (prefix='', value='\n', type=4)
DEBUG:pycomment.parse:        visit_simple_stmt (prefix='    ', value=None, type=316)
DEBUG:pycomment.parse:          visit_NAME (prefix='    ', value='pass', type=1)
DEBUG:pycomment.parse:          visit_NEWLINE (prefix='', value='\n', type=4)
DEBUG:pycomment.parse:        visit_DEDENT (prefix='\n\n', value='', type=6)
DEBUG:pycomment.parse:    visit_classdef (prefix='', value=None, type=269)
DEBUG:pycomment.parse:      visit_NAME (prefix='', value='class', type=1)
DEBUG:pycomment.parse:      visit_NAME (prefix=' ', value='A', type=1)
DEBUG:pycomment.parse:      visit_COLON (prefix='', value=':', type=11)
DEBUG:pycomment.parse:      visit_suite (prefix='', value=None, type=324)
DEBUG:pycomment.parse:        visit_NEWLINE (prefix='', value='\n', type=4)
DEBUG:pycomment.parse:        visit_INDENT (prefix='', value='    ', type=5)
DEBUG:pycomment.parse:        visit_simple_stmt (prefix='', value=None, type=316)
DEBUG:pycomment.parse:          visit_STRING (prefix='', value='"""before"""', type=3)
DEBUG:pycomment.parse:          visit_NEWLINE (prefix='', value='\n', type=4)
DEBUG:pycomment.parse:        visit_funcdef (prefix='\n    ', value=None, type=295)
DEBUG:pycomment.parse:          visit_NAME (prefix='\n    ', value='def', type=1)
DEBUG:pycomment.parse:          visit_NAME (prefix=' ', value='f', type=1)
DEBUG:pycomment.parse:          visit_parameters (prefix='', value=None, type=309)
DEBUG:pycomment.parse:            visit_LPAR (prefix='', value='(', type=7)
DEBUG:pycomment.parse:            visit_NAME (prefix='', value='self', type=1)
DEBUG:pycomment.parse:            visit_RPAR (prefix='', value=')', type=8)
DEBUG:pycomment.parse:          visit_COLON (prefix='', value=':', type=11)
DEBUG:pycomment.parse:          visit_suite (prefix='', value=None, type=324)
DEBUG:pycomment.parse:            visit_NEWLINE (prefix='', value='\n', type=4)
DEBUG:pycomment.parse:            visit_INDENT (prefix='', value='        ', type=5)
DEBUG:pycomment.parse:            visit_simple_stmt (prefix='', value=None, type=316)
DEBUG:pycomment.parse:              visit_STRING (prefix='', value='"""before"""', type=3)
DEBUG:pycomment.parse:              visit_NEWLINE (prefix='', value='\n', type=4)
DEBUG:pycomment.parse:            visit_simple_stmt (prefix='        ', value=None, type=316)
DEBUG:pycomment.parse:              visit_NAME (prefix='        ', value='pass', type=1)
DEBUG:pycomment.parse:              visit_NEWLINE (prefix='', value='\n', type=4)
DEBUG:pycomment.parse:            visit_DEDENT (prefix='\n    ', value='', type=6)
DEBUG:pycomment.parse:        visit_funcdef (prefix='', value=None, type=295)
DEBUG:pycomment.parse:          visit_NAME (prefix='', value='def', type=1)
DEBUG:pycomment.parse:          visit_NAME (prefix=' ', value='g', type=1)
DEBUG:pycomment.parse:          visit_parameters (prefix='', value=None, type=309)
DEBUG:pycomment.parse:            visit_LPAR (prefix='', value='(', type=7)
DEBUG:pycomment.parse:            visit_NAME (prefix='', value='self', type=1)
DEBUG:pycomment.parse:            visit_RPAR (prefix='', value=')', type=8)
DEBUG:pycomment.parse:          visit_COLON (prefix='', value=':', type=11)
DEBUG:pycomment.parse:          visit_suite (prefix='', value=None, type=324)
DEBUG:pycomment.parse:            visit_NEWLINE (prefix='', value='\n', type=4)
DEBUG:pycomment.parse:            visit_INDENT (prefix='', value='        ', type=5)
DEBUG:pycomment.parse:            visit_simple_stmt (prefix='', value=None, type=316)
DEBUG:pycomment.parse:              visit_NAME (prefix='', value='pass', type=1)
DEBUG:pycomment.parse:              visit_NEWLINE (prefix='', value='\n', type=4)
DEBUG:pycomment.parse:            visit_DEDENT (prefix='', value='', type=6)
DEBUG:pycomment.parse:        visit_DEDENT (prefix='', value='', type=6)
DEBUG:pycomment.parse:    visit_ENDMARKER (prefix='', value='', type=0)
