def foo(x, y) -> int:
    """before"""
    pass


def bar(x) -> int:
    """before"""
    pass


class A:
    """before"""

    def f(self):
        """before"""
        pass

    # hmm
    def g(self):  # hoho
        pass

--
def foo(x, y, z) -> int:
    """after"""
    pass


def bar(x) -> int:
    """before"""
    pass


class A:
    """after"""

    def f(self, x):
        """after"""
        pass

    # hmm
    def g(self, *args, **kwargs):  # oyoyo
        """after"""
        pass


def boo(x) -> int:
    """after"""
    pass



