file_input [3 children]
  funcdef[name='hello'] [5 children]
    NAME('def') [lineno=4, column=0, prefix='# toplevel comment\n\n\n']
    NAME('hello') [lineno=4, column=4, prefix=' ']
    parameters [3 children]
      LPAR('(') [lineno=4, column=9, prefix='']
      NAME('value') [lineno=4, column=10, prefix='']
      RPAR(')') [lineno=4, column=15, prefix='']
    COLON(':') [lineno=4, column=16, prefix='']
    suite [4 children]
      NEWLINE('\n') [lineno=4, column=17, prefix='']
      INDENT('    ') [lineno=6, column=0, prefix='    # this is comment\n']
      simple_stmt [2 children]
        return_stmt [2 children]
          NAME('return') [lineno=6, column=4, prefix='']
          power [2 children]
            NAME('message') [lineno=6, column=11, prefix=' ']
            trailer [3 children]
              LPAR('(') [lineno=6, column=18, prefix='']
              arglist [3 children]
                STRING('"hello"') [lineno=6, column=19, prefix='']
                COMMA(',') [lineno=6, column=26, prefix='']
                NAME('value') [lineno=6, column=28, prefix=' ']
              RPAR(')') [lineno=6, column=33, prefix='']
        NEWLINE('\n') [lineno=6, column=34, prefix='']
      DEDENT('') [lineno=9, column=0, prefix='\n\n']
  funcdef[name='message'] [5 children]
    NAME('def') [lineno=9, column=0, prefix='']
    NAME('message') [lineno=9, column=4, prefix=' ']
    parameters [3 children]
      LPAR('(') [lineno=9, column=11, prefix='']
      typedargslist[args='name' ',' 'value'] [3 children]
        NAME('name') [lineno=9, column=12, prefix='']
        COMMA(',') [lineno=9, column=16, prefix='']
        NAME('value') [lineno=9, column=18, prefix=' ']
      RPAR(')') [lineno=9, column=23, prefix='']
    COLON(':') [lineno=9, column=24, prefix='']
    suite [4 children]
      NEWLINE('\n') [lineno=9, column=25, prefix='']
      INDENT('    ') [lineno=11, column=0, prefix='    # this is comment\n']
      simple_stmt [2 children]
        power [2 children]
          NAME('print') [lineno=11, column=4, prefix='']
          trailer [3 children]
            LPAR('(') [lineno=11, column=9, prefix='']
            arglist [5 children]
              STRING('"{name}: {value}"') [lineno=11, column=10, prefix='']
              COMMA(',') [lineno=11, column=27, prefix='']
              argument [3 children]
                NAME('name') [lineno=11, column=29, prefix=' ']
                EQUAL('=') [lineno=11, column=33, prefix='']
                NAME('name') [lineno=11, column=34, prefix='']
              COMMA(',') [lineno=11, column=38, prefix='']
              argument [3 children]
                NAME('value') [lineno=11, column=40, prefix=' ']
                EQUAL('=') [lineno=11, column=45, prefix='']
                NAME('value') [lineno=11, column=46, prefix='']
            RPAR(')') [lineno=11, column=51, prefix='']
        NEWLINE('\n') [lineno=11, column=52, prefix='']
      DEDENT('') [lineno=12, column=0, prefix='']
  ENDMARKER('') [lineno=12, column=0, prefix='']
