file_input [3 children]
  classdef[name='Mapping'] [4 children]
    NAME('class') [lineno=1, column=0, prefix='']
    NAME('Mapping') [lineno=1, column=6, prefix=' ']
    COLON(':') [lineno=1, column=13, prefix='']
    suite [6 children]
      NEWLINE('\n') [lineno=1, column=14, prefix='']
      INDENT('    ') [lineno=2, column=0, prefix='']
      funcdef[name='__init__'] [5 children]
        NAME('def') [lineno=2, column=4, prefix='']
        NAME('__init__') [lineno=2, column=8, prefix=' ']
        parameters [3 children]
          LPAR('(') [lineno=2, column=16, prefix='']
          typedargslist[args='self' ',' 'iterable'] [3 children]
            NAME('self') [lineno=2, column=17, prefix='']
            COMMA(',') [lineno=2, column=21, prefix='']
            NAME('iterable') [lineno=2, column=23, prefix=' ']
          RPAR(')') [lineno=2, column=31, prefix='']
        COLON(':') [lineno=2, column=32, prefix='']
        suite [5 children]
          NEWLINE('\n') [lineno=2, column=33, prefix='']
          INDENT('        ') [lineno=3, column=0, prefix='']
          simple_stmt [2 children]
            expr_stmt [3 children]
              power [2 children]
                NAME('self') [lineno=3, column=8, prefix='']
                trailer [2 children]
                  DOT('.') [lineno=3, column=12, prefix='']
                  NAME('items_list') [lineno=3, column=13, prefix='']
              EQUAL('=') [lineno=3, column=24, prefix=' ']
              atom [2 children]
                LSQB('[') [lineno=3, column=26, prefix=' ']
                RSQB(']') [lineno=3, column=27, prefix='']
            NEWLINE('\n') [lineno=3, column=28, prefix='']
          simple_stmt [2 children]
            power [3 children]
              NAME('self') [lineno=4, column=8, prefix='        ']
              trailer [2 children]
                DOT('.') [lineno=4, column=12, prefix='']
                NAME('__update') [lineno=4, column=13, prefix='']
              trailer [3 children]
                LPAR('(') [lineno=4, column=21, prefix='']
                NAME('iterable') [lineno=4, column=22, prefix='']
                RPAR(')') [lineno=4, column=30, prefix='']
            NEWLINE('\n') [lineno=4, column=31, prefix='']
          DEDENT('') [lineno=6, column=4, prefix='\n    ']
      funcdef[name='update'] [5 children]
        NAME('def') [lineno=6, column=4, prefix='']
        NAME('update') [lineno=6, column=8, prefix=' ']
        parameters [3 children]
          LPAR('(') [lineno=6, column=14, prefix='']
          typedargslist[args='self' ',' 'iterable'] [3 children]
            NAME('self') [lineno=6, column=15, prefix='']
            COMMA(',') [lineno=6, column=19, prefix='']
            NAME('iterable') [lineno=6, column=21, prefix=' ']
          RPAR(')') [lineno=6, column=29, prefix='']
        COLON(':') [lineno=6, column=30, prefix='']
        suite [4 children]
          NEWLINE('\n') [lineno=6, column=31, prefix='']
          INDENT('        ') [lineno=7, column=0, prefix='']
          for_stmt [6 children]
            NAME('for') [lineno=7, column=8, prefix='']
            NAME('item') [lineno=7, column=12, prefix=' ']
            NAME('in') [lineno=7, column=17, prefix=' ']
            NAME('iterable') [lineno=7, column=20, prefix=' ']
            COLON(':') [lineno=7, column=28, prefix='']
            suite [4 children]
              NEWLINE('\n') [lineno=7, column=29, prefix='']
              INDENT('            ') [lineno=8, column=0, prefix='']
              simple_stmt [2 children]
                power [4 children]
                  NAME('self') [lineno=8, column=12, prefix='']
                  trailer [2 children]
                    DOT('.') [lineno=8, column=16, prefix='']
                    NAME('items_list') [lineno=8, column=17, prefix='']
                  trailer [2 children]
                    DOT('.') [lineno=8, column=27, prefix='']
                    NAME('append') [lineno=8, column=28, prefix='']
                  trailer [3 children]
                    LPAR('(') [lineno=8, column=34, prefix='']
                    NAME('item') [lineno=8, column=35, prefix='']
                    RPAR(')') [lineno=8, column=39, prefix='']
                NEWLINE('\n') [lineno=8, column=40, prefix='']
              DEDENT('') [lineno=10, column=4, prefix='\n    ']
          DEDENT('') [lineno=10, column=4, prefix='']
      simple_stmt [2 children]
        expr_stmt [3 children]
          NAME('__update') [lineno=10, column=4, prefix='']
          EQUAL('=') [lineno=10, column=13, prefix=' ']
          NAME('update') [lineno=10, column=15, prefix=' ']
        NEWLINE('\n') [lineno=10, column=66, prefix='   # private copy of original update() method']
      DEDENT('') [lineno=12, column=0, prefix='\n']
  classdef[name='MappingSubclass'] [7 children]
    NAME('class') [lineno=12, column=0, prefix='']
    NAME('MappingSubclass') [lineno=12, column=6, prefix=' ']
    LPAR('(') [lineno=12, column=21, prefix='']
    NAME('Mapping') [lineno=12, column=22, prefix='']
    RPAR(')') [lineno=12, column=29, prefix='']
    COLON(':') [lineno=12, column=30, prefix='']
    suite [4 children]
      NEWLINE('\n') [lineno=12, column=31, prefix='']
      INDENT('    ') [lineno=14, column=0, prefix='\n']
      funcdef[name='update'] [5 children]
        NAME('def') [lineno=14, column=4, prefix='']
        NAME('update') [lineno=14, column=8, prefix=' ']
        parameters [3 children]
          LPAR('(') [lineno=14, column=14, prefix='']
          typedargslist[args='self' ',' 'keys' ',' 'values'] [5 children]
            NAME('self') [lineno=14, column=15, prefix='']
            COMMA(',') [lineno=14, column=19, prefix='']
            NAME('keys') [lineno=14, column=21, prefix=' ']
            COMMA(',') [lineno=14, column=25, prefix='']
            NAME('values') [lineno=14, column=27, prefix=' ']
          RPAR(')') [lineno=14, column=33, prefix='']
        COLON(':') [lineno=14, column=34, prefix='']
        suite [4 children]
          NEWLINE('\n') [lineno=14, column=35, prefix='']
          INDENT('        ') [lineno=17, column=0, prefix='        # provides new signature for update()\n        # but does not break __init__()\n']
          for_stmt [6 children]
            NAME('for') [lineno=17, column=8, prefix='']
            NAME('item') [lineno=17, column=12, prefix=' ']
            NAME('in') [lineno=17, column=17, prefix=' ']
            power [2 children]
              NAME('zip') [lineno=17, column=20, prefix=' ']
              trailer [3 children]
                LPAR('(') [lineno=17, column=23, prefix='']
                arglist [3 children]
                  NAME('keys') [lineno=17, column=24, prefix='']
                  COMMA(',') [lineno=17, column=28, prefix='']
                  NAME('values') [lineno=17, column=30, prefix=' ']
                RPAR(')') [lineno=17, column=36, prefix='']
            COLON(':') [lineno=17, column=37, prefix='']
            suite [4 children]
              NEWLINE('\n') [lineno=17, column=38, prefix='']
              INDENT('            ') [lineno=18, column=0, prefix='']
              simple_stmt [2 children]
                power [4 children]
                  NAME('self') [lineno=18, column=12, prefix='']
                  trailer [2 children]
                    DOT('.') [lineno=18, column=16, prefix='']
                    NAME('items_list') [lineno=18, column=17, prefix='']
                  trailer [2 children]
                    DOT('.') [lineno=18, column=27, prefix='']
                    NAME('append') [lineno=18, column=28, prefix='']
                  trailer [3 children]
                    LPAR('(') [lineno=18, column=34, prefix='']
                    NAME('item') [lineno=18, column=35, prefix='']
                    RPAR(')') [lineno=18, column=39, prefix='']
                NEWLINE('\n') [lineno=18, column=40, prefix='']
              DEDENT('') [lineno=19, column=0, prefix='']
          DEDENT('') [lineno=19, column=0, prefix='']
      DEDENT('') [lineno=19, column=0, prefix='']
  ENDMARKER('') [lineno=19, column=0, prefix='']
