file_input [3 children]
  COMMENT('# toplevel comment\n') [lineno=0, column=0, prefix='']
  funcdef[name='add'] [5 children]
    NAME('def') [lineno=0, column=0, prefix='']
    NAME('add') [lineno=0, column=0, prefix=' ']
    parameters [3 children]
      LPAR('(') [lineno=0, column=0, prefix='']
      typedargslist[args='x' ',' 'y' ',' 'z' '=' 0] [7 children]
        NAME('x') [lineno=0, column=0, prefix='']
        COMMA(',') [lineno=0, column=0, prefix='']
        NAME('y') [lineno=0, column=0, prefix=' ']
        COMMA(',') [lineno=0, column=0, prefix='']
        NAME('z') [lineno=0, column=0, prefix=' ']
        EQUAL('=') [lineno=0, column=0, prefix='']
        NUMBER(0) [lineno=0, column=0, prefix='']
      RPAR(')') [lineno=0, column=0, prefix='']
    COLON(':') [lineno=0, column=0, prefix='']
    suite [6 children]
      NEWLINE('\n') [lineno=0, column=0, prefix='']
      INDENT('    ') [lineno=0, column=0, prefix='']
      COMMENT('# toplevel comment\n') [lineno=0, column=0, prefix='']
      simple_stmt [2 children]
        expr_stmt [1 children]
          atom [3 children]
            NAME('ans') [lineno=0, column=0, prefix='    ']
            EQUAL('=') [lineno=0, column=0, prefix=' ']
            arith_expr [5 children]
              NAME('x') [lineno=0, column=0, prefix=' ']
              PLUS('+') [lineno=0, column=0, prefix=' ']
              NAME('y') [lineno=0, column=0, prefix=' ']
              PLUS('+') [lineno=0, column=0, prefix=' ']
              NAME('z') [lineno=0, column=0, prefix=' ']
        NEWLINE('\n') [lineno=0, column=0, prefix='']
      simple_stmt [2 children]
        return_stmt [2 children]
          NAME('return') [lineno=0, column=0, prefix='    ']
          NAME('ans') [lineno=0, column=0, prefix=' ']
        NEWLINE('\n') [lineno=0, column=0, prefix='']
      DEDENT('') [lineno=0, column=0, prefix='']
  ENDMARKER('') [lineno=0, column=0, prefix='']
# toplevel comment
def add(x, y, z=0):
    # toplevel comment
    ans = x + y + z
    return ans

