import time: self [us] | cumulative | imported package
import time:      1056 |       1056 | _frozen_importlib_external
import time:      2545 |       2545 |   time
import time:       695 |       3239 | zipimport
import time:       133 |        133 |     _codecs
import time:      1046 |       1178 |   codecs
import time:      1024 |       1024 |   encodings.aliases
import time:      1760 |       3961 | encodings
import time:       596 |        596 | encodings.utf_8
import time:       315 |        315 | _signal
import time:       868 |        868 | encodings.latin_1
import time:       101 |        101 |     _abc
import time:       515 |        616 |   abc
import time:      1391 |       2006 | io
import time:       173 |        173 |       _stat
import time:       485 |        657 |     stat
import time:       443 |        443 |       genericpath
import time:       562 |       1004 |     posixpath
import time:      3717 |       3717 |     _collections_abc
import time:      1612 |       6988 |   os
import time:       710 |        710 |   _sitebuiltins
import time:       185 |        185 |     _locale
import time:       457 |        641 |   _bootlocale
import time:      1254 |       1254 |   types
import time:      1069 |       1069 |       warnings
import time:      1081 |       2150 |     importlib
import time:       360 |        360 |       importlib.machinery
import time:      1764 |       2123 |     importlib.abc
import time:       146 |        146 |           _operator
import time:       672 |        817 |         operator
import time:       462 |        462 |         keyword
import time:       838 |        838 |           _heapq
import time:       616 |       1453 |         heapq
import time:       295 |        295 |         itertools
import time:       620 |        620 |         reprlib
import time:       229 |        229 |         _collections
import time:      2805 |       6678 |       collections
import time:       161 |        161 |         _functools
import time:      1487 |       1647 |       functools
import time:      1542 |       9866 |     contextlib
import time:      1402 |      15540 |   importlib.util
import time:      1367 |       1367 |   sitecustomize
import time:      9327 |      35824 | site
import time:      2090 |       2090 |     starlette
import time:       743 |        743 |         collections.abc
import time:       903 |        903 |           concurrent
import time:      1238 |       1238 |                 enum
import time:       134 |        134 |                   _sre
import time:       597 |        597 |                     sre_constants
import time:       899 |       1495 |                   sre_parse
import time:       639 |       2267 |                 sre_compile
import time:       414 |        414 |                 copyreg
import time:      1262 |       5180 |               re
import time:       952 |        952 |                     token
import time:      3192 |       4143 |                   tokenize
import time:       455 |       4598 |                 linecache
import time:      1308 |       5906 |               traceback
import time:       812 |        812 |                 _weakrefset
import time:      1324 |       2136 |               weakref
import time:       151 |        151 |                 _string
import time:      3662 |       3812 |               string
import time:      1304 |       1304 |               threading
import time:        99 |         99 |               atexit
import time:      4042 |      22476 |             logging
import time:      1488 |      23963 |           concurrent.futures._base
import time:       625 |      25491 |         concurrent.futures
import time:       999 |        999 |           _socket
import time:      1058 |       1058 |             math
import time:      1010 |       1010 |             select
import time:      2025 |       4093 |           selectors
import time:       259 |        259 |           errno
import time:      4388 |       9738 |         socket
import time:      1583 |       1583 |           signal
import time:       538 |        538 |           msvcrt
import time:       496 |        496 |           _posixsubprocess
import time:      1364 |       3981 |         subprocess
import time:      2154 |       2154 |           _ssl
import time:       462 |        462 |               _struct
import time:       303 |        764 |             struct
import time:       534 |        534 |             binascii
import time:       595 |       1892 |           base64
import time:      6110 |      10155 |         ssl
import time:       604 |        604 |         asyncio.constants
import time:       375 |        375 |                 _opcode
import time:       548 |        922 |               opcode
import time:      1013 |       1934 |             dis
import time:      4347 |       6280 |           inspect
import time:       301 |        301 |             asyncio.format_helpers
import time:       474 |        775 |           asyncio.base_futures
import time:       319 |        319 |           asyncio.log
import time:       659 |       8031 |         asyncio.coroutines
import time:       400 |        400 |             _contextvars
import time:       329 |        729 |           contextvars
import time:       486 |        486 |           asyncio.exceptions
import time:       361 |        361 |             asyncio.base_tasks
import time:       877 |       1237 |           _asyncio
import time:      1872 |       4322 |         asyncio.events
import time:       575 |        575 |         asyncio.futures
import time:       416 |        416 |         asyncio.protocols
import time:       512 |        512 |           asyncio.transports
import time:       787 |       1299 |         asyncio.sslproto
import time:      3056 |       3056 |           typing
import time:       773 |        773 |           asyncio.locks
import time:       735 |        735 |           asyncio.tasks
import time:      1044 |       5606 |         asyncio.staggered
import time:       504 |        504 |         asyncio.trsock
import time:      2436 |      73894 |       asyncio.base_events
import time:       384 |        384 |       asyncio.runners
import time:       591 |        591 |       asyncio.queues
import time:       983 |        983 |       asyncio.streams
import time:       679 |        679 |       asyncio.subprocess
import time:       749 |        749 |         asyncio.base_subprocess
import time:      1552 |       1552 |         asyncio.selector_events
import time:      1527 |       3827 |       asyncio.unix_events
import time:       845 |      81200 |     asyncio
import time:      2590 |       2590 |     starlette.concurrency
import time:      1536 |      87414 |   starlette.background
import time:       454 |        454 |                       org
import time:        42 |        495 |                     org.python
import time:        33 |        528 |                   org.python.core
import time:       414 |        942 |                 copy
import time:      2087 |       3029 |               dataclasses
import time:       783 |        783 |                       numbers
import time:      1430 |       2213 |                     _decimal
import time:       380 |       2593 |                   decimal
import time:       319 |        319 |                     fnmatch
import time:       690 |        690 |                       nt
import time:       542 |        542 |                       nt
import time:       493 |        493 |                       nt
import time:       484 |        484 |                       nt
import time:       802 |       3009 |                     ntpath
import time:       375 |        375 |                       urllib
import time:      1953 |       2328 |                     urllib.parse
import time:      1724 |       7379 |                   pathlib
import time:      1891 |       1891 |                   pydantic.typing
import time:      3192 |      15053 |                 pydantic.errors
import time:      5749 |       5749 |                   platform
import time:      6965 |      12713 |                 pydantic.utils
import time:      1859 |      29623 |               pydantic.class_validators
import time:       550 |        550 |                       _json
import time:       985 |       1534 |                     json.scanner
import time:      1020 |       2554 |                   json.decoder
import time:       994 |        994 |                   json.encoder
import time:       523 |       4070 |                 json
import time:       580 |        580 |                     _datetime
import time:      1445 |       2025 |                   datetime
import time:      2279 |       2279 |                   ipaddress
import time:      1288 |       1288 |                     _uuid
import time:      7893 |       9180 |                   uuid
import time:       599 |        599 |                     colorsys
import time:      9025 |       9623 |                   pydantic.color
import time:      4776 |       4776 |                       pydantic.datetime_parse
import time:      2102 |       6877 |                     pydantic.validators
import time:      4081 |      10958 |                   pydantic.types
import time:      1140 |      35203 |                 pydantic.json
import time:      1421 |      40693 |               pydantic.error_wrappers
import time:      1353 |       1353 |               pydantic.fields
import time:       620 |        620 |                     _compat_pickle
import time:       750 |        750 |                     _pickle
import time:       508 |        508 |                         org
import time:        41 |        548 |                       org.python
import time:        43 |        591 |                     org.python.core
import time:      1741 |       3701 |                   pickle
import time:       983 |       4684 |                 pydantic.parse
import time:       444 |        444 |                     email_validator
import time:    107601 |     108045 |                   pydantic.networks
import time:      3032 |     111076 |                 pydantic.schema
import time:      1049 |       1049 |                 cython
import time:      3798 |     120605 |               pydantic.main
import time:      1250 |     196550 |             pydantic.dataclasses
import time:      2717 |       2717 |             pydantic.env_settings
import time:      1108 |       1108 |             pydantic.tools
import time:       341 |        341 |                 distutils
import time:      1469 |       1810 |               distutils.version
import time:       607 |       2417 |             pydantic.version
import time:       981 |     203771 |           pydantic
import time:        64 |     203834 |         pydantic.fields
import time:      1343 |     205176 |       fastapi.params
import time:       583 |        583 |         fastapi.dependencies
import time:       568 |        568 |                 fastapi.openapi
import time:       483 |        483 |                 fastapi.logger
import time:       541 |        541 |                 email_validator
import time:     68060 |      69651 |               fastapi.openapi.models
import time:      2210 |       2210 |               fastapi.security.base
import time:      1727 |       1727 |                 http
import time:      3574 |       3574 |                   http.cookies
import time:       487 |        487 |                         zlib
import time:       521 |        521 |                           _compression
import time:       610 |        610 |                           _bz2
import time:       720 |       1850 |                         bz2
import time:       567 |        567 |                           _lzma
import time:       872 |       1438 |                         lzma
import time:       146 |        146 |                         pwd
import time:       528 |        528 |                         grp
import time:      1202 |       5648 |                       shutil
import time:       355 |        355 |                           _bisect
import time:       336 |        690 |                         bisect
import time:       443 |        443 |                         _sha512
import time:       433 |        433 |                         _random
import time:      1156 |       2720 |                       random
import time:       804 |       9172 |                     tempfile
import time:       780 |        780 |                     shlex
import time:       859 |        859 |                     starlette.types
import time:      3013 |      13822 |                   starlette.datastructures
import time:       483 |        483 |                       multipart
import time:        69 |        551 |                     multipart.multipart
import time:      1858 |       2409 |                   starlette.formparsers
import time:       475 |        475 |                     multipart
import time:        92 |        566 |                   multipart.multipart
import time:      1114 |      21483 |                 starlette.requests
import time:       736 |        736 |                     _hashlib
import time:       510 |        510 |                     _blake2
import time:       905 |        905 |                     _sha3
import time:       536 |       2685 |                   hashlib
import time:       452 |        452 |                     email
import time:      1451 |       1451 |                         locale
import time:       957 |       2408 |                       calendar
import time:       444 |       2851 |                     email._parseaddr
import time:       353 |        353 |                       email.base64mime
import time:       721 |        721 |                       email.quoprimime
import time:      1085 |       1085 |                       email.errors
import time:       495 |        495 |                         quopri
import time:       370 |        865 |                       email.encoders
import time:       723 |       3744 |                     email.charset
import time:      1718 |       8763 |                   email.utils
import time:       773 |        773 |                     winreg
import time:       764 |       1536 |                   mimetypes
import time:      1427 |       1427 |                   aiofiles
import time:       548 |        548 |                   ujson
import time:      1176 |      16134 |                 starlette.responses
import time:      1134 |      40477 |               starlette.exceptions
import time:       833 |        833 |               starlette.status
import time:      1131 |     114300 |             fastapi.security.api_key
import time:       402 |        402 |                   fastapi.openapi.constants
import time:       587 |        587 |                     starlette.convertors
import time:      1366 |       1366 |                     starlette.websockets
import time:      5396 |       7348 |                   starlette.routing
import time:      1012 |       8762 |                 fastapi.utils
import time:      1285 |      10046 |               fastapi.exceptions
import time:       941 |        941 |               fastapi.security.utils
import time:      2039 |      13025 |             fastapi.security.http
import time:       568 |        568 |               fastapi.param_functions
import time:      1148 |       1715 |             fastapi.security.oauth2
import time:       513 |        513 |             fastapi.security.open_id_connect_url
import time:       606 |     130156 |           fastapi.security
import time:        51 |     130206 |         fastapi.security.base
import time:      1140 |     131927 |       fastapi.dependencies.models
import time:       531 |        531 |         fastapi.concurrency
import time:      1949 |       2480 |       fastapi.dependencies.utils
import time:       827 |        827 |       fastapi.encoders
import time:      3330 |     343739 |     fastapi.routing
import time:       518 |        518 |     fastapi.exception_handlers
import time:       588 |        588 |     fastapi.openapi.docs
import time:      1672 |       1672 |               email.header
import time:       567 |       2238 |             email._policybase
import time:      2098 |       4336 |           email.feedparser
import time:       534 |       4870 |         email.parser
import time:       376 |        376 |           uu
import time:       688 |        688 |           email._encoded_words
import time:       315 |        315 |           email.iterators
import time:      1126 |       2504 |         email.message
import time:      2120 |       9493 |       http.client
import time:      1086 |      10578 |     fastapi.openapi.utils
import time:       507 |        507 |         starlette.middleware
import time:      4058 |       4564 |       starlette.middleware.base
import time:      1602 |       1602 |           html.entities
import time:      1088 |       2690 |         html
import time:       919 |       3608 |       starlette.middleware.errors
import time:       845 |       9017 |     starlette.applications
import time:      2321 |     366758 |   fastapi.applications
import time:       867 |        867 |   fastapi.datastructures
import time:      1423 |     456461 | fastapi
