import time: self [us] | cumulative | imported package
import time:       947 |        947 | _frozen_importlib_external
import time:       943 |        943 |   time
import time:       383 |       1325 | zipimport
import time:       100 |        100 |     _codecs
import time:       837 |        936 |   codecs
import time:       784 |        784 |   encodings.aliases
import time:      1194 |       2913 | encodings
import time:       468 |        468 | encodings.utf_8
import time:       234 |        234 | _signal
import time:       783 |        783 | encodings.latin_1
import time:       295 |        295 |     _abc
import time:      1259 |       1553 |   abc
import time:      1152 |       2705 | io
import time:       110 |        110 |       _stat
import time:       450 |        560 |     stat
import time:       544 |        544 |       genericpath
import time:       572 |       1116 |     posixpath
import time:      2274 |       2274 |     _collections_abc
import time:      1427 |       5376 |   os
import time:       459 |        459 |   _sitebuiltins
import time:       205 |        205 |     _locale
import time:       478 |        682 |   _bootlocale
import time:       733 |        733 |   types
import time:      1253 |       1253 |       warnings
import time:       523 |       1775 |     importlib
import time:       289 |        289 |       importlib.machinery
import time:      1130 |       1419 |     importlib.abc
import time:       135 |        135 |           _operator
import time:       664 |        798 |         operator
import time:       324 |        324 |         keyword
import time:       627 |        627 |           _heapq
import time:       512 |       1139 |         heapq
import time:       349 |        349 |         itertools
import time:       476 |        476 |         reprlib
import time:       143 |        143 |         _collections
import time:      2558 |       5784 |       collections
import time:       121 |        121 |         _functools
import time:      1153 |       1273 |       functools
import time:      1352 |       8407 |     contextlib
import time:       792 |      12392 |   importlib.util
import time:      1214 |       1214 |   sitecustomize
import time:      6713 |      27566 | site
import time:       339 |        339 |     __future__
import time:       658 |        658 |     numpy._globals
import time:       489 |        489 |     numpy.__config__
import time:       382 |        382 |     numpy.version
import time:       483 |        483 |     numpy._distributor_init
import time:      2849 |       2849 |               enum
import time:       367 |        367 |                 _sre
import time:       740 |        740 |                   sre_constants
import time:       994 |       1734 |                 sre_parse
import time:      1306 |       3405 |               sre_compile
import time:       474 |        474 |               copyreg
import time:      1678 |       8404 |             re
import time:      3364 |      11768 |           textwrap
import time:       505 |        505 |               math
import time:       683 |        683 |               _datetime
import time:      1683 |       2870 |             datetime
import time:      6877 |       9747 |           numpy.core._multiarray_umath
import time:       443 |        443 |               numpy.compat._inspect
import time:       436 |        436 |                   fnmatch
import time:       470 |        470 |                     nt
import time:       580 |        580 |                     nt
import time:       561 |        561 |                     nt
import time:       571 |        571 |                     nt
import time:       543 |       2724 |                   ntpath
import time:       182 |        182 |                   errno
import time:       377 |        377 |                     urllib
import time:      1960 |       2336 |                   urllib.parse
import time:      1900 |       7576 |                 pathlib
import time:       967 |        967 |                 pickle5
import time:       778 |        778 |                     _struct
import time:       536 |       1314 |                   struct
import time:      1550 |       1550 |                   _compat_pickle
import time:      1361 |       1361 |                   _pickle
import time:      1039 |       1039 |                       org
import time:        64 |       1102 |                     org.python
import time:       134 |       1236 |                   org.python.core
import time:      3216 |       8675 |                 pickle
import time:       566 |      17782 |               numpy.compat.py3k
import time:       511 |      18735 |             numpy.compat
import time:        65 |      18800 |           numpy.compat._inspect
import time:       777 |      41090 |         numpy.core.overrides
import time:      6012 |      47102 |       numpy.core.multiarray
import time:       664 |        664 |       numpy.core.umath
import time:      2797 |       2797 |         numbers
import time:       463 |        463 |         numpy.core._string_helpers
import time:       322 |        322 |           numpy.core._dtype
import time:      1167 |       1488 |         numpy.core._type_aliases
import time:      1029 |       5776 |       numpy.core.numerictypes
import time:       281 |        281 |           numpy.core._asarray
import time:       805 |        805 |               numpy.core._exceptions
import time:       447 |       1251 |             numpy.core._methods
import time:      6304 |       7554 |           numpy.core.fromnumeric
import time:      1543 |       9377 |         numpy.core.shape_base
import time:       566 |        566 |           collections.abc
import time:       888 |       1454 |         numpy.core._ufunc_config
import time:      2756 |       2756 |         numpy.core.arrayprint
import time:      4861 |      18446 |       numpy.core.numeric
import time:      7285 |       7285 |       numpy.core.defchararray
import time:       732 |        732 |       numpy.core.records
import time:       498 |        498 |       numpy.core.memmap
import time:       881 |        881 |       numpy.core.function_base
import time:       427 |        427 |       numpy.core.machar
import time:       637 |        637 |       numpy.core.getlimits
import time:      1256 |       1256 |       numpy.core.einsumfunc
import time:       969 |        969 |         numpy.core._multiarray_tests
import time:      6557 |       7525 |       numpy.core._add_newdocs
import time:       868 |        868 |         _ctypes
import time:       918 |        918 |           ctypes._endian
import time:      2696 |       3613 |         ctypes
import time:       555 |       5036 |       numpy.core._dtype_ctypes
import time:      6431 |       6431 |         platform
import time:      2370 |       8801 |       numpy.core._internal
import time:       440 |        440 |       numpy._pytesttester
import time:      2024 |     107522 |     numpy.core
import time:       775 |        775 |       numpy.lib.mixins
import time:       716 |        716 |           numpy.lib.ufunclike
import time:      1921 |       2637 |         numpy.lib.type_check
import time:      1680 |       4317 |       numpy.lib.scimath
import time:       129 |        129 |               _ast
import time:       954 |       1082 |             ast
import time:      2437 |       2437 |                 numpy.lib.twodim_base
import time:       589 |        589 |                 numpy.linalg.lapack_lite
import time:       857 |        857 |                 numpy.linalg._umath_linalg
import time:      5893 |       9775 |               numpy.linalg.linalg
import time:       571 |      10345 |             numpy.linalg
import time:       727 |      12153 |           numpy.matrixlib.defmatrix
import time:       318 |      12470 |         numpy.matrixlib
import time:      1448 |       1448 |           numpy.lib.histograms
import time:      7267 |       8715 |         numpy.lib.function_base
import time:      1535 |       1535 |         numpy.lib.stride_tricks
import time:      1354 |      24073 |       numpy.lib.index_tricks
import time:      2883 |       2883 |       numpy.lib.nanfunctions
import time:      2274 |       2274 |       numpy.lib.shape_base
import time:      2259 |       2259 |       numpy.lib.polynomial
import time:      1400 |       1400 |       numpy.lib.utils
import time:      2616 |       2616 |       numpy.lib.arraysetops
import time:       432 |        432 |           _weakrefset
import time:       998 |       1430 |         weakref
import time:       524 |        524 |         numpy.lib.format
import time:       612 |        612 |             zlib
import time:       583 |        583 |               _compression
import time:      1117 |       1117 |               threading
import time:       665 |        665 |               _bz2
import time:       685 |       3049 |             bz2
import time:       561 |        561 |               _lzma
import time:       663 |       1224 |             lzma
import time:       141 |        141 |             pwd
import time:       525 |        525 |             grp
import time:      1353 |       6902 |           shutil
import time:       705 |       7607 |         numpy.lib._datasource
import time:      1315 |       1315 |         numpy.lib._iotools
import time:      2251 |      13125 |       numpy.lib.npyio
import time:      2332 |       2332 |           _decimal
import time:       524 |       2856 |         decimal
import time:      3274 |       6129 |       numpy.lib.financial
import time:       475 |        475 |       numpy.lib.arrayterator
import time:       727 |        727 |       numpy.lib.arraypad
import time:       433 |        433 |       numpy.lib._version
import time:       897 |      62375 |     numpy.lib
import time:       370 |        370 |         numpy.fft._pocketfft_internal
import time:      2391 |       2760 |       numpy.fft._pocketfft
import time:       704 |        704 |       numpy.fft.helper
import time:       438 |       3901 |     numpy.fft
import time:       518 |        518 |         numpy.polynomial.polyutils
import time:       779 |        779 |         numpy.polynomial._polybase
import time:       963 |       2259 |       numpy.polynomial.polynomial
import time:       780 |        780 |       numpy.polynomial.chebyshev
import time:       825 |        825 |       numpy.polynomial.legendre
import time:      1203 |       1203 |       numpy.polynomial.hermite
import time:       942 |        942 |       numpy.polynomial.hermite_e
import time:      1288 |       1288 |       numpy.polynomial.laguerre
import time:       585 |       7880 |     numpy.polynomial
import time:      1014 |       1014 |             numpy.random._common
import time:       468 |        468 |                 binascii
import time:       542 |       1009 |               base64
import time:      1804 |       1804 |                 _hashlib
import time:       433 |        433 |                   _blake2
import time:       748 |        748 |                   _sha3
import time:       620 |       1801 |                 hashlib
import time:       924 |       4528 |               hmac
import time:       589 |        589 |                   _bisect
import time:       495 |       1084 |                 bisect
import time:       558 |        558 |                 _sha512
import time:       573 |        573 |                 _random
import time:      1684 |       3898 |               random
import time:       543 |       9976 |             secrets
import time:      2170 |      13158 |           numpy.random._bit_generator
import time:      1516 |       1516 |           numpy.random._bounded_integers
import time:       639 |        639 |           numpy.random._mt19937
import time:      2452 |      17763 |         numpy.random.mtrand
import time:       626 |        626 |         numpy.random._philox
import time:       572 |        572 |         numpy.random._pcg64
import time:       532 |        532 |         numpy.random._sfc64
import time:      1334 |       1334 |         numpy.random._generator
import time:       824 |      21649 |       numpy.random._pickle
import time:      1034 |      22682 |     numpy.random
import time:      1026 |       1026 |     numpy.ctypeslib
import time:      5174 |       5174 |       numpy.ma.core
import time:      1439 |       1439 |       numpy.ma.extras
import time:       805 |       7416 |     numpy.ma
import time:      6509 |     221657 |   numpy
import time:      1584 |       1584 |     pytz.exceptions
import time:       652 |        652 |     pytz.lazy
import time:       826 |        826 |     pytz.tzinfo
import time:       425 |        425 |     pytz.tzfile
import time:      2177 |       5662 |   pytz
import time:       407 |        407 |     dateutil._version
import time:       496 |        902 |   dateutil
import time:       524 |        524 |     pandas.compat
import time:       308 |        308 |       distutils
import time:      1548 |       1855 |     distutils.version
import time:       869 |       3247 |   pandas.compat.numpy
import time:       469 |        469 |             pandas._libs.tslibs.np_datetime
import time:      1018 |       1487 |           pandas._libs.tslibs.nattype
import time:      1900 |       1900 |                 six
import time:       150 |        150 |                 six.moves
import time:       607 |        607 |                 dateutil.tz._common
import time:       471 |        471 |                 dateutil.tz._factories
import time:        60 |         60 |                   six.moves.winreg
import time:       485 |        545 |                 dateutil.tz.win
import time:      3114 |       6784 |               dateutil.tz.tz
import time:       461 |       7245 |             dateutil.tz
import time:       816 |       8061 |           pandas._libs.tslibs.timezones
import time:      2227 |       2227 |                   locale
import time:      5952 |       5952 |                         typing
import time:      1613 |       7564 |                       pandas._config.config
import time:       400 |        400 |                           token
import time:      1854 |       2253 |                         tokenize
import time:       711 |       2964 |                       pandas._config.dates
import time:       413 |        413 |                       pandas._config.display
import time:       661 |      11600 |                     pandas._config
import time:      1736 |       1736 |                       signal
import time:       609 |        609 |                       msvcrt
import time:       579 |        579 |                       _posixsubprocess
import time:       591 |        591 |                       select
import time:      1025 |       1025 |                       selectors
import time:      1078 |       5616 |                     subprocess
import time:       572 |      17787 |                   pandas._config.localization
import time:       458 |        458 |                     backports_abc
import time:      1055 |       1055 |                     calendar
import time:     39050 |      40562 |                   pandas._libs.tslibs.strptime
import time:       537 |      61112 |                 pandas._libs.tslibs.ccalendar
import time:      1088 |       1088 |                 backports_abc
import time:       280 |        280 |                   dateutil._common
import time:       639 |        919 |                 dateutil.relativedelta
import time:      1723 |      64840 |               pandas._libs.tslibs.offsets
import time:      1541 |      66381 |             pandas._libs.tslibs.timedeltas
import time:      1127 |      67507 |           pandas._libs.tslibs.tzconversion
import time:      1059 |       1059 |           pandas._libs.tslibs.fields
import time:       896 |      79007 |         pandas._libs.tslibs.c_timestamp
import time:       490 |        490 |           backports_abc
import time:        74 |         74 |                 _string
import time:      1524 |       1597 |               string
import time:      1465 |       3062 |             dateutil.parser._parser
import time:       702 |        702 |             dateutil.parser.isoparser
import time:       724 |       4486 |           dateutil.parser
import time:      1344 |       6319 |         pandas._libs.tslibs.parsing
import time:      1250 |      86576 |       pandas._libs.tslibs.conversion
import time:      1162 |       1162 |         pandas._libs.tslibs.frequencies
import time:       455 |        455 |           backports_abc
import time:      1308 |       1763 |         pandas._libs.tslibs.timestamps
import time:       865 |        865 |         pandas._libs.tslibs.resolution
import time:      1372 |       5160 |       pandas._libs.tslibs.period
import time:       509 |      92244 |     pandas._libs.tslibs
import time:       422 |      92666 |   pandas._libs
import time:       580 |        580 |     pandas._libs.missing
import time:      1915 |       2495 |   pandas._libs.hashtable
import time:      2118 |       2118 |     fractions
import time:       917 |        917 |     pandas._libs.tslib
import time:      1191 |       4226 |   pandas._libs.lib
import time:       457 |        457 |     pandas.core
import time:      1993 |       2449 |   pandas.core.config_init
import time:       231 |        231 |             pandas.core.dtypes
import time:      1219 |       1219 |             pandas._libs.algos
import time:      1350 |       1350 |               pandas._libs.interval
import time:      1272 |       1272 |               pandas.core.dtypes.generic
import time:       655 |        655 |                 pandas.errors
import time:       668 |       1323 |               pandas.core.dtypes.base
import time:       408 |        408 |               pandas.core.dtypes.inference
import time:      2580 |       6931 |             pandas.core.dtypes.dtypes
import time:       672 |        672 |             pandas._typing
import time:      1156 |      10208 |           pandas.core.dtypes.common
import time:       551 |      10758 |         pandas.core.arrays.array_
import time:       572 |        572 |                         _opcode
import time:       881 |       1453 |                       opcode
import time:      1752 |       3204 |                     dis
import time:       460 |        460 |                     linecache
import time:      3254 |       6916 |                   inspect
import time:       582 |        582 |                   pandas._libs.properties
import time:      1249 |       8746 |                 pandas.util._decorators
import time:       323 |        323 |                   pandas.core.util
import time:       632 |        632 |                   pandas._libs.hashing
import time:       375 |        375 |                     pandas.core.dtypes.missing
import time:       713 |       1087 |                   pandas.core.dtypes.cast
import time:       687 |       2728 |                 pandas.core.util.hashing
import time:       294 |      11767 |               pandas.util
import time:       466 |      12232 |             pandas.util._validators
import time:       768 |      12999 |           pandas.compat.numpy.function
import time:       701 |        701 |             pandas._libs.ops
import time:       711 |        711 |             pandas.core.common
import time:       238 |        238 |               pandas.core.ops.roperator
import time:       475 |        712 |             pandas.core.ops.missing
import time:       369 |        369 |             pandas.core.ops.docstrings
import time:      1424 |       3915 |           pandas.core.ops
import time:       325 |        325 |               pandas.core.indexers
import time:      1609 |       1933 |             pandas.core.algorithms
import time:       779 |       2711 |           pandas.core.sorting
import time:      1780 |      21404 |         pandas.core.arrays.base
import time:      1608 |       1608 |           pandas.core.accessor
import time:       420 |        420 |               pandas.compat._optional
import time:      4688 |       5107 |             pandas.core.nanops
import time:      2389 |       7496 |           pandas.core.base
import time:       552 |        552 |           pandas.core.missing
import time:       311 |        311 |             pandas.io
import time:       530 |        840 |           pandas.io.formats
import time:       470 |        470 |           pandas.io.formats.console
import time:      2528 |      13492 |         pandas.core.arrays.categorical
import time:       288 |        288 |             pandas.tseries
import time:       240 |        240 |                 dateutil.easter
import time:       373 |        373 |                   pandas.core.tools
import time:      1311 |       1683 |                 pandas.core.tools.datetimes
import time:      4450 |       6372 |               pandas.tseries.offsets
import time:      1111 |       7483 |             pandas.tseries.frequencies
import time:      2877 |      10648 |           pandas.core.arrays.datetimelike
import time:       520 |        520 |           pandas.core.arrays._ranges
import time:      1276 |      12442 |         pandas.core.arrays.datetimes
import time:       300 |        300 |           pandas.core.tools.numeric
import time:      1146 |       1446 |         pandas.core.arrays.integer
import time:       264 |        264 |             pandas.core.indexes
import time:      1120 |       1120 |             pandas._libs.index
import time:      1309 |       1309 |             pandas._libs.join
import time:      1217 |       1217 |             pandas.core.dtypes.concat
import time:       777 |        777 |               pandas.io.formats.printing
import time:       910 |       1686 |             pandas.core.indexes.frozen
import time:      6214 |       6214 |             pandas.core.strings
import time:      4300 |      16106 |           pandas.core.indexes.base
import time:      1983 |      18089 |         pandas.core.arrays.interval
import time:      1093 |       1093 |         pandas.core.arrays.numpy_
import time:      1362 |       1362 |         pandas.core.arrays.period
import time:       963 |        963 |           pandas._libs.sparse
import time:      3367 |       4330 |         pandas.core.arrays.sparse
import time:      1053 |       1053 |         pandas.core.arrays.timedeltas
import time:       554 |      86018 |       pandas.core.arrays
import time:        66 |      86083 |     pandas.core.arrays.integer
import time:       476 |        476 |               org
import time:        45 |        520 |             org.python
import time:        42 |        562 |           org.python.core
import time:       494 |       1055 |         copy
import time:       126 |        126 |             gc
import time:       456 |        456 |                   _json
import time:      1140 |       1596 |                 json.scanner
import time:      1063 |       2658 |               json.decoder
import time:      1077 |       1077 |               json.encoder
import time:       615 |       4349 |             json
import time:      2956 |       2956 |                 pandas.core.indexes.category
import time:       676 |        676 |                     pandas.core.tools.timedeltas
import time:      2593 |       3268 |                   pandas.core.indexes.datetimelike
import time:      2688 |       2688 |                   pandas.core.indexes.numeric
import time:      2442 |       8397 |                 pandas.core.indexes.datetimes
import time:       267 |        267 |                   pandas.util._exceptions
import time:      2672 |       2672 |                   pandas.core.indexes.multi
import time:      1202 |       1202 |                   pandas.core.indexes.timedeltas
import time:      3520 |       7659 |                 pandas.core.indexes.interval
import time:      1821 |       1821 |                 pandas.core.indexes.period
import time:      1255 |       1255 |                 pandas.core.indexes.range
import time:       723 |      22810 |               pandas.core.indexes.api
import time:       444 |      23253 |             pandas.core.index
import time:       461 |        461 |               pandas._libs.indexing
import time:      1597 |       2057 |             pandas.core.indexing
import time:       592 |        592 |                   backports_abc
import time:       914 |       1505 |                 pandas._libs.internals
import time:       511 |        511 |                 pandas.core.internals.arrays
import time:      3973 |       5988 |               pandas.core.internals.blocks
import time:       802 |        802 |                 pandas.core.internals.concat
import time:      3282 |       4083 |               pandas.core.internals.managers
import time:       660 |      10731 |             pandas.core.internals
import time:       629 |        629 |               unicodedata
import time:       455 |        455 |                   _csv
import time:       878 |       1332 |                 csv
import time:       780 |        780 |                 gzip
import time:      1759 |       1759 |                   http
import time:       307 |        307 |                     email
import time:       883 |        883 |                       email.errors
import time:       481 |        481 |                           email.quoprimime
import time:       397 |        397 |                           email.base64mime
import time:       474 |        474 |                               quopri
import time:       295 |        769 |                             email.encoders
import time:       618 |       1386 |                           email.charset
import time:      1697 |       3959 |                         email.header
import time:      1182 |       1182 |                             _socket
import time:      4933 |       6115 |                           socket
import time:      1092 |       1092 |                           email._parseaddr
import time:      1891 |       9097 |                         email.utils
import time:       872 |      13927 |                       email._policybase
import time:      1494 |      16303 |                     email.feedparser
import time:       728 |      17336 |                   email.parser
import time:       358 |        358 |                     uu
import time:       710 |        710 |                     email._encoded_words
import time:       317 |        317 |                     email.iterators
import time:      1215 |       2599 |                   email.message
import time:      1207 |       1207 |                     _ssl
import time:      6408 |       7615 |                   ssl
import time:      2291 |      31598 |                 http.client
import time:       797 |        797 |                 mmap
import time:      1132 |       1132 |                     tempfile
import time:       665 |       1797 |                   urllib.response
import time:       758 |       2554 |                 urllib.error
import time:       532 |        532 |                   _scproxy
import time:      3617 |       4148 |                 urllib.request
import time:      1480 |       1480 |                 zipfile
import time:       763 |      43449 |               pandas.io.common
import time:      1664 |      45741 |             pandas.io.formats.format
import time:     10168 |      96423 |           pandas.core.generic
import time:      1404 |       1404 |           pandas.core.internals.construction
import time:      1797 |       1797 |             pandas._libs.reshape
import time:      1027 |       1027 |             pandas.core.indexes.accessors
import time:       442 |        442 |                       matplotlib
import time:        57 |        498 |                     matplotlib.artist
import time:       454 |        952 |                   pandas.plotting._matplotlib.boxplot
import time:       357 |       1309 |                 pandas.plotting._matplotlib
import time:      1181 |       2490 |               pandas.plotting._core
import time:       502 |        502 |               pandas.plotting._misc
import time:       361 |       3351 |             pandas.plotting
import time:       415 |        415 |                 pandas._libs.skiplist
import time:       920 |       1334 |               pandas._libs.window
import time:       480 |        480 |               pandas.core.groupby.base
import time:      6631 |       8444 |             pandas.core.window
import time:     10972 |      25589 |           pandas.core.series
import time:     17327 |     140741 |         pandas.core.frame
import time:      2251 |       2251 |           pandas._libs.groupby
import time:       505 |        505 |               pandas.api.extensions
import time:       658 |        658 |                 pandas.core.dtypes.api
import time:       444 |       1101 |               pandas.api.types
import time:       832 |       2437 |             pandas.api
import time:        84 |       2521 |           pandas.api.types
import time:      7188 |      11959 |         pandas.core.groupby.groupby
import time:       571 |        571 |           pandas.core.sparse
import time:       299 |        299 |             pandas.core.sparse.scipy_sparse
import time:      3590 |       3889 |           pandas.core.sparse.series
import time:      8901 |      13360 |         pandas.core.sparse.frame
import time:      6258 |     173371 |       pandas.core.groupby.generic
import time:       771 |        771 |           pandas._libs.reduction
import time:      1073 |       1843 |         pandas.core.groupby.ops
import time:       726 |       2568 |       pandas.core.groupby.grouper
import time:       421 |     176358 |     pandas.core.groupby
import time:       389 |        389 |       pandas.core.reshape
import time:      1097 |       1486 |     pandas.core.reshape.reshape
import time:       560 |     264486 |   pandas.core.api
import time:       496 |        496 |   pandas.core.sparse.api
import time:       389 |        389 |   pandas.tseries.api
import time:       369 |        369 |     pandas.core.computation
import time:      1075 |       1075 |           pandas.core.computation.common
import time:       860 |       1935 |         pandas.core.computation.align
import time:       839 |        839 |             pprint
import time:       549 |        549 |             pandas.compat.chainmap
import time:       888 |       2275 |           pandas.core.computation.scope
import time:      1848 |       4122 |         pandas.core.computation.ops
import time:      1085 |       7142 |       pandas.core.computation.engines
import time:      2336 |       9477 |     pandas.core.computation.eval
import time:       728 |      10573 |   pandas.core.computation.api
import time:       485 |        485 |     pandas.core.reshape.concat
import time:       783 |        783 |     pandas.core.reshape.melt
import time:      1134 |       1134 |     pandas.core.reshape.merge
import time:       235 |        235 |       pandas.core.reshape.util
import time:      1410 |       1645 |     pandas.core.reshape.pivot
import time:       662 |        662 |     pandas.core.reshape.tile
import time:       496 |       5203 |   pandas.core.reshape.api
import time:       569 |        569 |   pandas.util._print_versions
import time:       317 |        317 |     pandas.io.clipboards
import time:       291 |        291 |         pandas.io.excel._util
import time:       462 |        462 |             backports_abc
import time:      1301 |       1763 |           pandas._libs.parsers
import time:       408 |        408 |           pandas.io.date_converters
import time:      4377 |       6547 |         pandas.io.parsers
import time:       660 |        660 |         pandas.io.excel._odfreader
import time:       923 |        923 |         pandas.io.excel._openpyxl
import time:       608 |        608 |         pandas.io.excel._xlrd
import time:      1522 |      10550 |       pandas.io.excel._base
import time:       692 |        692 |         pandas._libs.json
import time:       663 |       1354 |       pandas.io.excel._xlsxwriter
import time:       544 |        544 |       pandas.io.excel._xlwt
import time:       436 |      12882 |     pandas.io.excel
import time:       446 |        446 |     pandas.io.feather_format
import time:       384 |        384 |     pandas.io.gbq
import time:      1974 |       1974 |     pandas.io.html
import time:       657 |        657 |           pandas._libs.writers
import time:       650 |       1307 |         pandas.io.json._normalize
import time:       457 |        457 |         pandas.io.json._table_schema
import time:      1197 |       2959 |       pandas.io.json._json
import time:       513 |       3472 |     pandas.io.json
import time:       415 |        415 |       pandas.util._move
import time:       561 |        561 |         pandas.io.msgpack.exceptions
import time:       276 |        276 |         pandas.io.msgpack._version
import time:       511 |        511 |         pandas.io.msgpack._packer
import time:       683 |        683 |         pandas.io.msgpack._unpacker
import time:       874 |       2903 |       pandas.io.msgpack
import time:       845 |       4162 |     pandas.io.packers
import time:       621 |        621 |     pandas.io.parquet
import time:       394 |        394 |       pandas.compat.pickle_compat
import time:       405 |        798 |     pandas.io.pickle
import time:      1916 |       1916 |         pandas.core.computation.expr
import time:      1110 |       3026 |       pandas.core.computation.pytables
import time:      3251 |       6277 |     pandas.io.pytables
import time:       403 |        403 |       pandas.io.sas.sasreader
import time:       500 |        903 |     pandas.io.sas
import time:       658 |        658 |     pandas.io.spss
import time:      1499 |       1499 |     pandas.io.sql
import time:      3872 |       3872 |     pandas.io.stata
import time:       620 |      38876 |   pandas.io.api
import time:       781 |        781 |   pandas.util._tester
import time:       644 |        644 |       traceback
import time:       611 |        611 |       pandas._libs.testing
import time:      2690 |       3944 |     pandas.util.testing
import time:       758 |       4701 |   pandas.testing
import time:       397 |        397 |   pandas.arrays
import time:       345 |        345 |   pandas._version
import time:      1098 |     661207 | pandas
