import time: self [us] | cumulative | imported package
import time:      1270 |       1270 | _frozen_importlib_external
import time:      1746 |       1746 |   time
import time:       435 |       2181 | zipimport
import time:       113 |        113 |     _codecs
import time:       955 |       1067 |   codecs
import time:      1385 |       1385 |   encodings.aliases
import time:      1301 |       3753 | encodings
import time:       785 |        785 | encodings.utf_8
import time:       580 |        580 | _signal
import time:      1583 |       1583 | encodings.latin_1
import time:       105 |        105 |     _abc
import time:       790 |        895 |   abc
import time:      1009 |       1904 | io
import time:       124 |        124 |       _stat
import time:       513 |        636 |     stat
import time:       472 |        472 |       genericpath
import time:       670 |       1141 |     posixpath
import time:      3293 |       3293 |     _collections_abc
import time:      1357 |       6425 |   os
import time:       615 |        615 |   _sitebuiltins
import time:       195 |        195 |     _locale
import time:       422 |        616 |   _bootlocale
import time:      1851 |       1851 |   types
import time:       973 |        973 |       warnings
import time:       860 |       1833 |     importlib
import time:       320 |        320 |       importlib.machinery
import time:      1307 |       1627 |     importlib.abc
import time:       136 |        136 |           _operator
import time:       700 |        836 |         operator
import time:       321 |        321 |         keyword
import time:       618 |        618 |           _heapq
import time:       383 |       1001 |         heapq
import time:       230 |        230 |         itertools
import time:       435 |        435 |         reprlib
import time:       134 |        134 |         _collections
import time:      2692 |       5646 |       collections
import time:       101 |        101 |         _functools
import time:      1150 |       1251 |       functools
import time:      1341 |       8237 |     contextlib
import time:      1285 |      12979 |   importlib.util
import time:      1785 |       1785 |   sitecustomize
import time:      6860 |      31127 | site
import time:       820 |        820 |       _weakrefset
import time:      1766 |       2586 |     weakref
import time:      1272 |       1272 |           enum
import time:       122 |        122 |             _sre
import time:       990 |        990 |               sre_constants
import time:       937 |       1926 |             sre_parse
import time:       663 |       2711 |           sre_compile
import time:       392 |        392 |           copyreg
import time:      1271 |       5644 |         re
import time:       475 |        475 |               _json
import time:      1058 |       1532 |             json.scanner
import time:      1035 |       2567 |           json.decoder
import time:      1110 |       1110 |           json.encoder
import time:       580 |       4255 |         json
import time:       203 |        203 |         errno
import time:      1892 |       1892 |         threading
import time:      1333 |       1333 |               _struct
import time:       654 |       1986 |             struct
import time:       737 |        737 |             _compat_pickle
import time:       770 |        770 |             _pickle
import time:       492 |        492 |                 org
import time:        50 |        541 |               org.python
import time:        36 |        576 |             org.python.core
import time:      2069 |       6137 |           pickle
import time:       426 |        426 |             urllib
import time:      2064 |       2490 |           urllib.parse
import time:       486 |        486 |           collections.abc
import time:       623 |       9734 |         jinja2._compat
import time:        80 |         80 |             _string
import time:      2850 |       2930 |           string
import time:      1071 |       1071 |           markupsafe._compat
import time:       726 |        726 |           markupsafe._speedups
import time:      1779 |       6504 |         markupsafe
import time:      2677 |      30906 |       jinja2.utils
import time:      3529 |      34435 |     jinja2.nodes
import time:       860 |        860 |         math
import time:       351 |        351 |             _bisect
import time:       333 |        684 |           bisect
import time:       625 |        625 |           _sha512
import time:       446 |        446 |           _random
import time:      1072 |       2826 |         random
import time:       565 |        565 |           jinja2.exceptions
import time:      1197 |       1762 |         jinja2.runtime
import time:      1226 |       6672 |       jinja2.filters
import time:       741 |        741 |             numbers
import time:      1342 |       2082 |           _decimal
import time:       316 |       2398 |         decimal
import time:       859 |       3256 |       jinja2.tests
import time:       491 |      10418 |     jinja2.defaults
import time:       511 |        511 |       unicodedata
import time:       358 |        358 |       jinja2._identifier
import time:      8623 |       9491 |     jinja2.lexer
import time:      1143 |       1143 |     jinja2.parser
import time:      1353 |       1353 |             org
import time:        55 |       1408 |           org.python
import time:        53 |       1461 |         org.python.core
import time:       905 |       2365 |       copy
import time:       567 |        567 |       jinja2.visitor
import time:       411 |        411 |       jinja2.optimizer
import time:       523 |        523 |       jinja2.idtracking
import time:       427 |        427 |       __future__
import time:      1509 |       5799 |     jinja2.compiler
import time:      1631 |      65501 |   jinja2.environment
import time:      1547 |       1547 |       _hashlib
import time:       464 |        464 |       _blake2
import time:       477 |        477 |       _sha3
import time:       755 |       3242 |     hashlib
import time:       928 |       4169 |   jinja2.loaders
import time:       302 |        302 |         fnmatch
import time:       530 |        530 |         zlib
import time:       448 |        448 |           _compression
import time:       571 |        571 |           _bz2
import time:       805 |       1824 |         bz2
import time:       547 |        547 |           _lzma
import time:       598 |       1145 |         lzma
import time:       167 |        167 |         pwd
import time:       613 |        613 |         grp
import time:      1136 |       5713 |       shutil
import time:       784 |       6496 |     tempfile
import time:       709 |       7205 |   jinja2.bccache
import time:       433 |        433 |           concurrent
import time:       702 |        702 |                     token
import time:      2553 |       3255 |                   tokenize
import time:       739 |       3993 |                 linecache
import time:      1390 |       5383 |               traceback
import time:        91 |         91 |               atexit
import time:      4653 |      10126 |             logging
import time:      1370 |      11495 |           concurrent.futures._base
import time:       678 |      12605 |         concurrent.futures
import time:       744 |        744 |           _socket
import time:       473 |        473 |             select
import time:      1229 |       1702 |           selectors
import time:      3666 |       6110 |         socket
import time:      2719 |       2719 |           signal
import time:       799 |        799 |           msvcrt
import time:      1294 |       1294 |           _posixsubprocess
import time:      1593 |       6403 |         subprocess
import time:      1425 |       1425 |           _ssl
import time:       777 |        777 |             binascii
import time:       712 |       1488 |           base64
import time:      7016 |       9928 |         ssl
import time:      1116 |       1116 |         asyncio.constants
import time:      1537 |       1537 |                 _opcode
import time:      1015 |       2551 |               opcode
import time:      1544 |       4095 |             dis
import time:      3867 |       7962 |           inspect
import time:       290 |        290 |             asyncio.format_helpers
import time:       497 |        786 |           asyncio.base_futures
import time:       401 |        401 |           asyncio.log
import time:      1104 |      10251 |         asyncio.coroutines
import time:       390 |        390 |             _contextvars
import time:       307 |        696 |           contextvars
import time:       506 |        506 |           asyncio.exceptions
import time:       314 |        314 |             asyncio.base_tasks
import time:       787 |       1100 |           _asyncio
import time:      1186 |       3487 |         asyncio.events
import time:       540 |        540 |         asyncio.futures
import time:       601 |        601 |         asyncio.protocols
import time:       526 |        526 |           asyncio.transports
import time:       825 |       1350 |         asyncio.sslproto
import time:      3085 |       3085 |           typing
import time:       859 |        859 |           asyncio.locks
import time:       786 |        786 |           asyncio.tasks
import time:       994 |       5723 |         asyncio.staggered
import time:       563 |        563 |         asyncio.trsock
import time:      2742 |      61414 |       asyncio.base_events
import time:       553 |        553 |       asyncio.runners
import time:       714 |        714 |       asyncio.queues
import time:       956 |        956 |       asyncio.streams
import time:       703 |        703 |       asyncio.subprocess
import time:      1621 |       1621 |         asyncio.base_subprocess
import time:       996 |        996 |         asyncio.selector_events
import time:      1620 |       4237 |       asyncio.unix_events
import time:       605 |      69178 |     asyncio
import time:       602 |      69779 |   jinja2.asyncsupport
import time:       638 |        638 |   jinja2.asyncfilters
import time:      1360 |     148650 | jinja2
