import time: self [us] | cumulative | imported package
import time:      1082 |       1082 | _frozen_importlib_external
import time:       939 |        939 |   time
import time:       404 |       1343 | zipimport
import time:       115 |        115 |     _codecs
import time:       906 |       1020 |   codecs
import time:      1607 |       1607 |   encodings.aliases
import time:      1558 |       4184 | encodings
import time:       604 |        604 | encodings.utf_8
import time:       220 |        220 | _signal
import time:       689 |        689 | encodings.latin_1
import time:        81 |         81 |     _abc
import time:       518 |        599 |   abc
import time:       670 |       1269 | io
import time:       118 |        118 |       _stat
import time:       375 |        493 |     stat
import time:       410 |        410 |       genericpath
import time:       590 |        999 |     posixpath
import time:      1866 |       1866 |     _collections_abc
import time:      1047 |       4402 |   os
import time:       469 |        469 |   _sitebuiltins
import time:       124 |        124 |     _locale
import time:       281 |        404 |   _bootlocale
import time:       468 |        468 |   types
import time:       448 |        448 |       warnings
import time:       446 |        893 |     importlib
import time:       323 |        323 |       importlib.machinery
import time:      1493 |       1815 |     importlib.abc
import time:       245 |        245 |           _operator
import time:      1507 |       1752 |         operator
import time:       623 |        623 |         keyword
import time:      1146 |       1146 |           _heapq
import time:       737 |       1882 |         heapq
import time:       601 |        601 |         itertools
import time:       823 |        823 |         reprlib
import time:       199 |        199 |         _collections
import time:      2640 |       8518 |       collections
import time:       103 |        103 |         _functools
import time:      1186 |       1288 |       functools
import time:      1445 |      11250 |     contextlib
import time:       718 |      14675 |   importlib.util
import time:      1207 |       1207 |   sitecustomize
import time:      5415 |      27037 | site
import time:       310 |        310 |     __future__
import time:       347 |        347 |       collections.abc
import time:      1984 |       1984 |         enum
import time:       145 |        145 |           _sre
import time:      1111 |       1111 |             sre_constants
import time:       986 |       2096 |           sre_parse
import time:       865 |       3105 |         sre_compile
import time:       467 |        467 |         copyreg
import time:      2234 |       7788 |       re
import time:      3421 |      11556 |     typing
import time:       351 |        351 |             token
import time:      2426 |       2776 |           tokenize
import time:       385 |       3161 |         linecache
import time:      1028 |       4188 |       traceback
import time:       898 |        898 |         _weakrefset
import time:      1337 |       2234 |       weakref
import time:       193 |        193 |         _string
import time:      3145 |       3338 |       string
import time:      2458 |       2458 |       threading
import time:        93 |         93 |       atexit
import time:      4279 |      16586 |     logging
import time:       384 |        384 |           _opcode
import time:       617 |       1001 |         opcode
import time:       965 |       1965 |       dis
import time:      3157 |       5122 |     inspect
import time:       425 |        425 |             org
import time:        50 |        475 |           org.python
import time:        33 |        507 |         org.python.core
import time:       438 |        945 |       copy
import time:      2115 |       3059 |     dataclasses
import time:      1537 |       1537 |     monogusa.langhelpers
import time:      2319 |      40486 |   monogusa.dependencies
import time:       557 |      41043 | monogusa
