import time: self [us] | cumulative | imported package
import time:      1425 |       1425 | _frozen_importlib_external
import time:       988 |        988 |   time
import time:       500 |       1488 | zipimport
import time:       133 |        133 |     _codecs
import time:      1134 |       1266 |   codecs
import time:      1219 |       1219 |   encodings.aliases
import time:      1828 |       4312 | encodings
import time:       790 |        790 | encodings.utf_8
import time:       445 |        445 | _signal
import time:      1196 |       1196 | encodings.latin_1
import time:       167 |        167 |     _abc
import time:      1158 |       1325 |   abc
import time:      1383 |       2708 | io
import time:       116 |        116 |       _stat
import time:       384 |        500 |     stat
import time:       429 |        429 |       genericpath
import time:       484 |        913 |     posixpath
import time:      2164 |       2164 |     _collections_abc
import time:      1192 |       4767 |   os
import time:       501 |        501 |   _sitebuiltins
import time:       211 |        211 |     _locale
import time:       531 |        742 |   _bootlocale
import time:       554 |        554 |   types
import time:       491 |        491 |       warnings
import time:       436 |        926 |     importlib
import time:       347 |        347 |       importlib.machinery
import time:      1420 |       1766 |     importlib.abc
import time:       152 |        152 |           _operator
import time:       836 |        988 |         operator
import time:       444 |        444 |         keyword
import time:      1005 |       1005 |           _heapq
import time:       394 |       1399 |         heapq
import time:       318 |        318 |         itertools
import time:       557 |        557 |         reprlib
import time:       302 |        302 |         _collections
import time:      3934 |       7938 |       collections
import time:       196 |        196 |         _functools
import time:      1561 |       1756 |       functools
import time:      2129 |      11822 |     contextlib
import time:      1047 |      15560 |   importlib.util
import time:      1959 |       1959 |   sitecustomize
import time:      9877 |      33957 | site
import time:       375 |        375 |         collections.abc
import time:      1470 |       1470 |           enum
import time:       132 |        132 |             _sre
import time:       725 |        725 |               sre_constants
import time:      1020 |       1744 |             sre_parse
import time:       816 |       2690 |           sre_compile
import time:       531 |        531 |           copyreg
import time:      1497 |       6187 |         re
import time:      5257 |      11817 |       typing
import time:      2362 |       2362 |           typing_extensions
import time:       389 |        389 |                   token
import time:      2157 |       2546 |                 tokenize
import time:       483 |       3029 |               linecache
import time:       906 |       3934 |             traceback
import time:      1020 |       1020 |               _weakrefset
import time:      1433 |       2453 |             weakref
import time:        99 |         99 |               _string
import time:      2677 |       2775 |             string
import time:      1411 |       1411 |             threading
import time:        98 |         98 |             atexit
import time:      4415 |      15085 |           logging
import time:       731 |        731 |           handofcats.langhelpers
import time:       503 |        503 |                   _opcode
import time:       829 |       1331 |                 opcode
import time:       864 |       2195 |               dis
import time:      3091 |       5286 |             inspect
import time:      1213 |       6498 |           handofcats.accessor
import time:      1288 |      25961 |         handofcats.injector
import time:      1179 |       1179 |         handofcats.types
import time:       780 |        780 |                   org
import time:        84 |        863 |                 org.python
import time:        88 |        951 |               org.python.core
import time:      1092 |       2042 |             copy
import time:      3945 |       5986 |           dataclasses
import time:      2793 |       8779 |         handofcats.config
import time:       712 |        712 |         handofcats.customize
import time:      1797 |      38426 |       handofcats.driver
import time:      1414 |      51656 |     handofcats
import time:       642 |      52298 |   handofcats.actions
import time:      1369 |       1369 |       prestring.utils
import time:      1435 |       2803 |     prestring
import time:      1346 |       4148 |   prestring.python
import time:      5855 |      62301 | handofcats.actions._codeobject
