import time: self [us] | cumulative | imported package
import time:      2295 |       2295 | _frozen_importlib_external
import time:      2355 |       2355 |   time
import time:       578 |       2933 | zipimport
import time:      1194 |       1194 |     _codecs
import time:      2198 |       3391 |   codecs
import time:      1430 |       1430 |   encodings.aliases
import time:      7195 |      12015 | encodings
import time:       918 |        918 | encodings.utf_8
import time:       283 |        283 | _signal
import time:      1174 |       1174 | encodings.latin_1
import time:       182 |        182 |     _abc
import time:       880 |       1061 |   abc
import time:       931 |       1991 | io
import time:       122 |        122 |       _stat
import time:       574 |        696 |     stat
import time:       836 |        836 |       genericpath
import time:       670 |       1505 |     posixpath
import time:      2590 |       2590 |     _collections_abc
import time:      1519 |       6309 |   os
import time:       624 |        624 |   _sitebuiltins
import time:       228 |        228 |     _locale
import time:       568 |        796 |   _bootlocale
import time:       590 |        590 |   types
import time:       807 |        807 |       warnings
import time:       554 |       1360 |     importlib
import time:       589 |        589 |       importlib.machinery
import time:      1767 |       2356 |     importlib.abc
import time:       231 |        231 |           _operator
import time:      1135 |       1366 |         operator
import time:       466 |        466 |         keyword
import time:       938 |        938 |           _heapq
import time:      2513 |       3451 |         heapq
import time:       321 |        321 |         itertools
import time:       864 |        864 |         reprlib
import time:       238 |        238 |         _collections
import time:      3301 |      10004 |       collections
import time:       125 |        125 |         _functools
import time:      1400 |       1525 |       functools
import time:      1995 |      13524 |     contextlib
import time:      1268 |      18506 |   importlib.util
import time:      2771 |       2771 |   sitecustomize
import time:      9154 |      38746 | site
import time:       822 |        822 |           __future__
import time:       739 |        739 |             collections.abc
import time:      2097 |       2097 |               enum
import time:       230 |        230 |                 _sre
import time:       951 |        951 |                   sre_constants
import time:      1421 |       2372 |                 sre_parse
import time:      1099 |       3699 |               sre_compile
import time:      1034 |       1034 |               copyreg
import time:      1897 |       8726 |             re
import time:      6489 |      15953 |           typing
import time:      1237 |       1237 |                   token
import time:      2519 |       3756 |                 tokenize
import time:       732 |       4487 |               linecache
import time:      1481 |       5968 |             traceback
import time:      1053 |       1053 |               _weakrefset
import time:      1451 |       2504 |             weakref
import time:       214 |        214 |               _string
import time:      2693 |       2906 |             string
import time:      2903 |       2903 |             threading
import time:       188 |        188 |             atexit
import time:     12850 |      27318 |           logging
import time:       631 |        631 |                 _opcode
import time:      1340 |       1970 |               opcode
import time:      2078 |       4048 |             dis
import time:      6769 |      10817 |           inspect
import time:       766 |        766 |                   org
import time:        63 |        829 |                 org.python
import time:        66 |        895 |               org.python.core
import time:      1100 |       1995 |             copy
import time:      5206 |       7200 |           dataclasses
import time:      2690 |       2690 |           monogusa.langhelpers
import time:      4936 |      69732 |         monogusa.dependencies
import time:      1829 |      71561 |       monogusa
import time:       925 |      72485 |     monogusa.web
import time:      1507 |       1507 |     typing_extensions
import time:       547 |        547 |       fnmatch
import time:       531 |        531 |         nt
import time:       571 |        571 |         nt
import time:       686 |        686 |         nt
import time:       727 |        727 |         nt
import time:       917 |       3431 |       ntpath
import time:       318 |        318 |       errno
import time:      1415 |       1415 |         urllib
import time:      4726 |       6141 |       urllib.parse
import time:      5246 |      15680 |     pathlib
import time:      1771 |       1771 |         prestring.utils
import time:      2299 |       4069 |       prestring
import time:      1253 |       1253 |       filecmp
import time:      2506 |       2506 |         prestring.minifs._glob
import time:       769 |        769 |         prestring.minifs._flatten
import time:      1703 |       4977 |       prestring.minifs
import time:      4216 |      14513 |     prestring.output
import time:      1812 |       1812 |       prestring.python
import time:     11356 |      13168 |     monogusa.web.codegen._codeobject
import time:      3091 |       3091 |     monogusa.web.codegen._fnspec
import time:      2182 |       2182 |     monogusa.web.codegen.helpers
import time:      3560 |     126182 |   monogusa.web.codegen
import time:       105 |     126287 | monogusa.web.codegen._codeobject
