zipp 0.6.0
xmltodict 0.12.0
whichcraft 0.5.2
wheel 0.33.4
webencodings 0.5.1
urllib3 1.24.3
typed-ast 1.3.5
twine 1.13.0
tqdm 4.32.2
toml 0.10.0
six 1.12.0
setuptools 40.8.0
requests 2.21.0
requests-toolbelt 0.9.1
requests-oauthlib 1.2.0
readme-renderer 24.0
PyYAML 5.1.2
python-dateutil 2.8.0
Pygments 2.4.2
prestring 0.5.3
poyo 0.4.2
pkginfo 1.5.0.1
pip 19.2.1
oauthlib 3.0.1
mypy 0.701
mypy-extensions 0.4.1
more-itertools 7.2.0
mistune 0.8.4
MarkupSafe 1.1.1
magicalimport 0.4.0
jqfpy 0.5.1
Jinja2 2.10.1
jinja2-time 0.2.0
importlib-metadata 0.23
idna 2.8
handofcats 2.2.0
future 0.17.1
docutils 0.14
dictknife 0.10.3
cookiecutter 1.6.0
Click 7.0
chardet 3.0.4
certifi 2019.3.9
bleach 3.1.0
black 19.3b0
binaryornot 0.4.4
attrs 19.1.0
arrow 0.13.1
appdirs 1.4.3
pyinspect 0.0
shosai 0.0.4
