appdirs 1.4.3
requests-oauthlib 1.2.0
urllib3 1.24.3
chardet 3.0.4
importlib-metadata 0.23
wheel 0.33.4
attrs 19.1.0
cookiecutter 1.6.0
certifi 2019.3.9
twine 1.13.0
webencodings 0.5.1
typed-ast 1.3.5
more-itertools 7.2.0
tqdm 4.32.2
Click 7.0
mypy 0.701
Pygments 2.4.2
Jinja2 2.10.1
MarkupSafe 1.1.1
zipp 0.6.0
PyYAML 5.1.2
black 19.3b0
jqfpy 0.5.1
arrow 0.13.1
mypy-extensions 0.4.1
docutils 0.14
requests-toolbelt 0.9.1
oauthlib 3.0.1
setuptools 40.8.0
bleach 3.1.0
xmltodict 0.12.0
pkginfo 1.5.0.1
readme-renderer 24.0
idna 2.8
future 0.17.1
poyo 0.4.2
requests 2.21.0
binaryornot 0.4.4
whichcraft 0.5.2
python-dateutil 2.8.0
prestring 0.5.3
toml 0.10.0
pip 19.2.1
dictknife 0.10.3
jinja2-time 0.2.0
six 1.12.0
mistune 0.8.4
handofcats 2.2.0
magicalimport 0.4.0
pyinspect 0.0
shosai 0.0.4
