S
before 2
before 2
before 2
before 3
before 4
before 3
before 4
before 3
before 4
before 1
before 5
after 3
after 4
after 2
before 2
ok 2
ok 3
ok 4
*hmm*
before 0
after 2
before 2
before 1
before 0
before 1
before 0
before 3
after 2
before 2
after 1
before 1
after 0
after 0
after 2
before 2
after 4
after 1
after 2
*hmm*
ok 0
ok 0
ok 4
ok 2
ok 2
ok 2
ok 0
ok 2
ok 1
ok 1
after 2
after 3
after 5
after 1
after 3
*hmm*
ok 3
ok 2
ok 5
ok 3
ok 1
ok 0
before 0
before 1
before 2
before 3
before 0
before 1
after 0
before 0
after 4
after 0
before 0
after 0
before 0
after 2
after 1
before 1
after 1
before 1
after 3
*hmm*
ok 0
ok 0
ok 1
ok 1
ok 2
ok 0
ok 4
ok 0
ok 3
before 2
before 2
before 3
after 3
before 4
*hmm*
after 0
before 0
after 1
before 1
after 0
before 0
after 3
after 4
ok 0
ok 3
after 2
before 2
*hmm*
after 2
after 2
after 1
before 1
after 1
before 1
after 0
before 2
before 0
after 1
before 3
before 1
*hmm*
after 2
after 0
before 0
after 1
before 2
before 1
after 1
ok 4
ok 2
ok 0
ok 0
ok 0
ok 1
ok 3
before 1
after 3
after 2
before 2
*hmm*
after 0
ok 1
ok 2
ok 1
ok 2
ok 0
ok 1
ok 1
ok 3
ok 1
ok 2
ok 0
ok 2
ok 0
before 0
after 0
before 0
after 2
before 2
after 1
before 3
before 1
after 0
before 0
after 1
before 1
*hmm*
after 2
after 1
before 1
after 0
before 0
after 1
before 2
before 1
*hmm*
after 1
ok 0
ok 2
ok 0
ok 0
ok 0
ok 0
ok 1
ok 1
before 1
after 0
before 0
after 2
*hmm*
after 0
before 0
after 1
before 1
after 0
before 0
after 1
before 1
after 0
before 0
after 3
after 2
*hmm*
after 0
before 2
before 0
after 1
before 1
after 1
before 1
*hmm*
after 0
before 0
*hmm*
after 1
before 1
after 0
before 0
after 1
ok 2
ok 1
ok 1
ok 0
ok 2
ok 0
ok 0
ok 1
before 1
after 0
before 0
after 2
after 1
before 1
after 0
ok 0
ok 1
ok 0
ok 0
ok 2
ok 3
ok 1
ok 0
ok 1
ok 1
ok 0
*hmm*
before 0
ok 1
ok 0
ok 0
ok 0
ok 0
ok 0
ok 1
ok 0
ok 2
ok 0
ok 1
ok 0
after 0
before 0
after 1
before 1
after 1
*hmm*
after 0
before 0
after 1
before 1
after 0
before 0
after 0
before 0
*hmm*
after 1
after 0
before 1
before 0
*hmm*
after 0
before 0
after 0
before 1
before 0
after 0
before 2
before 0
*hmm*
after 1
after 0
before 0
after 0
before 0
after 0
ok 1
ok 1
ok 0
ok 0
before 0
*hmm*
after 2
after 1
after 1
before 1
*hmm*
after 0
before 0
*hmm*
after 0
ok 1
ok 0
ok 0
ok 0
ok 0
ok 1
ok 0
ok 0
ok 0
ok 1
ok 0
ok 0
ok 0
ok 0
before 0
after 1
*hmm*
after 0
ok 2
ok 1
ok 1
ok 0
ok 1
ok 0
ok 0
ok 0
ok 0
ok 0
before 0
after 0
before 0
*hmm*
after 0
before 0
after 0
ok 0
ok 0
ok 0
ok 0
ok 0
before 0
after 0
before 1
before 0
*hmm*
after 0
before 0
after 0
before 0
*hmm*
*hmm*
after 1
after 0
ok 0
ok 0
ok 0
ok 0
ok 0
ok 0
before 0
after 0
before 0
*hmm*
ok 0
ok 1
ok 0
ok 0
ok 0
after 0
before 0
*hmm*
ok 0
ok 0
after 0
before 0
*hmm*
ok 0
ok 0
after 0
before 0
after 0
before 0
after 0
before 0
after 0
before 0
after 0
before 0
*hmm*
ok 0
ok 0
ok 0
ok 0
ok 0
ok 0
*hmm*
ok 0
*hmm*
ok 0
after 0
before 0
after 0
before 0
after 0
before 0
*hmm*
ok 0
ok 0
ok 0
ok 0
*hmm*
ok 0
after 0
before 0
*hmm*
ok 0
ok 0
after 0
before 0
after 0
before 0
after 0
before 0
*hmm*
ok 0
ok 0
ok 0
ok 0
after 0
before 0
*hmm*
ok 0
ok 0
after 0
before 0
after 0
*hmm*
ok 0
ok 0
ok 0
after 0
*hmm*
ok 0
ok 0
*hmm*
ok 0
after 0
E
