request dict
request/ContentLength int
request/Form NoneType
request/Header dict
request/Host str
request/Method str
request/MultipartForm NoneType
request/PostForm NoneType
request/Proto str
request/ProtoMajor int
request/ProtoMinor int
request/RemoteAddr str
request/RequestURI str
request/TransferEncoding NoneType
request/URL str
response dict
response/ContentLength int
response/Header dict
response/Header/Access-Control-Allow-Credentials list
response/Header/Access-Control-Allow-Credentials/[] str
response/Header/Access-Control-Allow-Origin list
response/Header/Access-Control-Allow-Origin/[] str
response/Header/Content-Length list
response/Header/Content-Length/[] str
response/Header/Content-Type list
response/Header/Content-Type/[] str
response/Header/Date list
response/Header/Date/[] str
response/Header/Server list
response/Header/Server/[] str
response/Proto str
response/ProtoMajor int
response/ProtoMinor int
response/Status str
response/StatusCode int
response/TransferEncoding NoneType
response/Uncompressed bool
