import typing as t


def foo(*, name: str, age: int, nickname: t.Optional[str] = None):
    pass


def bar():
    pass


def main(argv: t.Optional[t.List[str]] = None) -> t.Any:
    import argparse

    parser = argparse.ArgumentParser(formatter_class=type('_HelpFormatter', (argparse.ArgumentDefaultsHelpFormatter, argparse.RawTextHelpFormatter), {}))
    subparsers = parser.add_subparsers(title='subcommands', dest='subcommand')
    subparsers.required = True

    fn = foo
    sub_parser = subparsers.add_parser(fn.__name__, help=fn.__doc__, formatter_class=parser.formatter_class)
    sub_parser.add_argument('--name', required=True, help='-')
    sub_parser.add_argument('--age', required=True, type=int, help='-')
    sub_parser.add_argument('--nickname', required=False, help='-')
    sub_parser.set_defaults(subcommand=fn)

    fn = bar  # type: ignore
    sub_parser = subparsers.add_parser(fn.__name__, help=fn.__doc__, formatter_class=parser.formatter_class)
    sub_parser.set_defaults(subcommand=fn)

    args = parser.parse_args(argv)
    params = vars(args).copy()
    subcommand = params.pop('subcommand')
    return subcommand(**params)


if __name__ == '__main__':
    main()
