brotli==1.0.9
cartopy==0.19.0.post1
contextvars==2.4
cryptography==3.4.7
Cython==0.29.24
docutils==0.17.1
importlib_metadata==4.6.3
Jinja2==3.0.1
keyring==23.0.1
lockfile==0.12.2
lxml==4.6.3
matplotlib==3.4.2
mayavi==4.7.3
mock==4.0.3
monotonic==1.6
numpy==1.21.1
ogr==0.27.0
ordereddict==1.1
osgeo==0.0.1
pandas==1.3.1
Pillow==8.3.1
protobuf==3.17.3
pycares==4.0.0
pycurl==7.43.0.6
pydot==1.4.2
pygraphviz==1.7
pyOpenSSL==20.0.1
pytest==6.2.4
PyYAML==5.4.1
scipy==1.7.1
seaborn==0.11.1
simplejson==3.17.3
starlette==0.16.0
typing_extensions==3.10.0.0
unicodedata2==13.0.0.post2
uvicorn==0.14.0
websockets==9.1
wincertstore==0.2.1
zipp==3.5.0
