Module(
  body=[
    FunctionDef(
      name=Name(
        value='hello',
      ),
      params=Parameters(
        star_arg=ParamStar(),
        kwonly_params=[
          Param(
            name=Name(
              value='name',
            ),
            annotation=Annotation(
              annotation=Name(
                value='str',
              ),
            ),
            default=SimpleString(
              value='"world"',
            ),
            star='',
          ),
        ],
      ),
      body=IndentedBlock(
        body=[
          SimpleStatementLine(
            body=[
              Expr(
                value=Call(
                  func=Name(
                    value='print',
                  ),
                  args=[
                    Arg(
                      value=FormattedString(
                        parts=[
                          FormattedStringText(
                            value='hello ',
                          ),
                          FormattedStringExpression(
                            expression=Name(
                              value='name',
                            ),
                          ),
                        ],
                      ),
                    ),
                  ],
                ),
              ),
            ],
          ),
        ],
      ),
      returns=Annotation(
        annotation=Name(
          value='None',
        ),
      ),
    ),
  ],
)
