file_input [6 children]
  simple_stmt [2 children]
    import_name [2 children]
      NAME('import') [lineno=1, column=0, prefix='']
      NAME('asyncio') [lineno=1, column=7, prefix=' ']
    NEWLINE('\n') [lineno=1, column=14, prefix='']
  simple_stmt [2 children]
    import_name [2 children]
      NAME('import') [lineno=2, column=0, prefix='']
      NAME('logging') [lineno=2, column=7, prefix=' ']
    NEWLINE('\n') [lineno=2, column=14, prefix='']
  simple_stmt [2 children]
    import_from [4 children]
      NAME('from') [lineno=3, column=0, prefix='']
      NAME('handofcats') [lineno=3, column=5, prefix=' ']
      NAME('import') [lineno=3, column=16, prefix=' ']
      NAME('as_command') [lineno=3, column=23, prefix=' ']
    NEWLINE('\n') [lineno=3, column=33, prefix='']
  simple_stmt [2 children]
    expr_stmt [3 children]
      NAME('logger') [lineno=5, column=0, prefix='\n']
      EQUAL('=') [lineno=5, column=7, prefix=' ']
      power [3 children]
        NAME('logging') [lineno=5, column=9, prefix=' ']
        trailer [2 children]
          DOT('.') [lineno=5, column=16, prefix='']
          NAME('getLogger') [lineno=5, column=17, prefix='']
        trailer [3 children]
          LPAR('(') [lineno=5, column=26, prefix='']
          NAME('__name__') [lineno=5, column=27, prefix='']
          RPAR(')') [lineno=5, column=35, prefix='']
    NEWLINE('\n') [lineno=5, column=36, prefix='']
  decorated [2 children]
    decorator [3 children]
      AT('@') [lineno=8, column=0, prefix='\n\n']
      NAME('as_command') [lineno=8, column=1, prefix='']
      NEWLINE('\n') [lineno=8, column=11, prefix='']
    funcdef[name='run'] [5 children]
      NAME('def') [lineno=9, column=0, prefix='']
      NAME('run') [lineno=9, column=4, prefix=' ']
      parameters [2 children]
        LPAR('(') [lineno=9, column=7, prefix='']
        RPAR(')') [lineno=9, column=8, prefix='']
      COLON(':') [lineno=9, column=9, prefix='']
      suite [5 children]
        NEWLINE('\n') [lineno=9, column=10, prefix='']
        INDENT('    ') [lineno=10, column=0, prefix='']
        async_stmt [2 children]
          ASYNC('async') [lineno=10, column=4, prefix='']
          funcdef[name='run'] [5 children]
            NAME('def') [lineno=10, column=10, prefix=' ']
            NAME('run') [lineno=10, column=14, prefix=' ']
            parameters [2 children]
              LPAR('(') [lineno=10, column=17, prefix='']
              RPAR(')') [lineno=10, column=18, prefix='']
            COLON(':') [lineno=10, column=19, prefix='']
            suite [6 children]
              NEWLINE('\n') [lineno=10, column=20, prefix='']
              INDENT('        ') [lineno=11, column=0, prefix='']
              simple_stmt [2 children]
                power [3 children]
                  NAME('logger') [lineno=11, column=8, prefix='']
                  trailer [2 children]
                    DOT('.') [lineno=11, column=14, prefix='']
                    NAME('info') [lineno=11, column=15, prefix='']
                  trailer [3 children]
                    LPAR('(') [lineno=11, column=19, prefix='']
                    STRING('"hello ..."') [lineno=11, column=20, prefix='']
                    RPAR(')') [lineno=11, column=31, prefix='']
                NEWLINE('\n') [lineno=11, column=32, prefix='']
              simple_stmt [2 children]
                power [4 children]
                  AWAIT('await') [lineno=12, column=8, prefix='        ']
                  NAME('asyncio') [lineno=12, column=14, prefix=' ']
                  trailer [2 children]
                    DOT('.') [lineno=12, column=21, prefix='']
                    NAME('sleep') [lineno=12, column=22, prefix='']
                  trailer [3 children]
                    LPAR('(') [lineno=12, column=27, prefix='']
                    NUMBER('0.1') [lineno=12, column=28, prefix='']
                    RPAR(')') [lineno=12, column=31, prefix='']
                NEWLINE('\n') [lineno=12, column=32, prefix='']
              simple_stmt [2 children]
                power [3 children]
                  NAME('logger') [lineno=13, column=8, prefix='        ']
                  trailer [2 children]
                    DOT('.') [lineno=13, column=14, prefix='']
                    NAME('info') [lineno=13, column=15, prefix='']
                  trailer [3 children]
                    LPAR('(') [lineno=13, column=19, prefix='']
                    STRING('"... world"') [lineno=13, column=20, prefix='']
                    RPAR(')') [lineno=13, column=31, prefix='']
                NEWLINE('\n') [lineno=13, column=32, prefix='']
              DEDENT('') [lineno=15, column=4, prefix='\n    ']
        simple_stmt [2 children]
          power [5 children]
            NAME('asyncio') [lineno=15, column=4, prefix='']
            trailer [2 children]
              DOT('.') [lineno=15, column=11, prefix='']
              NAME('get_event_loop') [lineno=15, column=12, prefix='']
            trailer [2 children]
              LPAR('(') [lineno=15, column=26, prefix='']
              RPAR(')') [lineno=15, column=27, prefix='']
            trailer [2 children]
              DOT('.') [lineno=15, column=28, prefix='']
              NAME('run_until_complete') [lineno=15, column=29, prefix='']
            trailer [3 children]
              LPAR('(') [lineno=15, column=47, prefix='']
              power [2 children]
                NAME('run') [lineno=15, column=48, prefix='']
                trailer [2 children]
                  LPAR('(') [lineno=15, column=51, prefix='']
                  RPAR(')') [lineno=15, column=52, prefix='']
              RPAR(')') [lineno=15, column=53, prefix='']
          NEWLINE('\n') [lineno=15, column=54, prefix='']
        DEDENT('') [lineno=16, column=0, prefix='']
  ENDMARKER('') [lineno=16, column=0, prefix='']
