{
  "took" : 1,
  "timed_out" : false,
  "_shards" : {
    "total" : 1,
    "successful" : 1,
    "skipped" : 0,
    "failed" : 0
  },
  "hits" : {
    "total" : {
      "value" : 2,
      "relation" : "eq"
    },
    "max_score" : 1.0,
    "hits" : [
      {
        "_index" : "my_index",
        "_type" : "_doc",
        "_id" : "1",
        "_score" : 1.0,
        "_source" : {
          "my_text" : "text1",
          "my_vector" : [
            0.5,
            10,
            6
          ]
        }
      },
      {
        "_index" : "my_index",
        "_type" : "_doc",
        "_id" : "2",
        "_score" : 1.0,
        "_source" : {
          "my_text" : "text2",
          "my_vector" : [
            -0.5,
            10,
            10
          ]
        }
      }
    ]
  }
}
