google_bigquery_dataset.default: Refreshing state... [id=projects/speedy-equator-284105/datasets/foo]
google_bigquery_table.default: Refreshing state... [id=projects/speedy-equator-284105/datasets/foo/tables/bar]

Terraform used the selected providers to generate the following execution
plan. Resource actions are indicated with the following symbols:
  ~ update in-place

Terraform will perform the following actions:

  # google_bigquery_dataset.default will be updated in-place
  ~ resource "google_bigquery_dataset" "default" {
      - default_partition_expiration_ms = 5184000000 -> null
        id                              = "projects/speedy-equator-284105/datasets/foo"
        # (12 unchanged attributes hidden)

        # (4 unchanged blocks hidden)
    }

  # google_bigquery_table.default will be updated in-place
  ~ resource "google_bigquery_table" "default" {
        id                  = "projects/speedy-equator-284105/datasets/foo/tables/bar"
      ~ schema              = jsonencode(
          ~ [
                # (1 unchanged element hidden)
                {
                    mode = "NULLABLE"
                    name = "name"
                    type = "STRING"
                },
              + {
                  + description = "nickname of object"
                  + mode        = "NULLABLE"
                  + name        = "nickname"
                  + type        = "STRING"
                },
            ]
        )
        # (15 unchanged attributes hidden)
    }

Plan: 0 to add, 2 to change, 0 to destroy.

Do you want to perform these actions?
  Terraform will perform the actions described above.
  Only 'yes' will be accepted to approve.

  Enter a value: 
google_bigquery_dataset.default: Modifying... [id=projects/speedy-equator-284105/datasets/foo]

Error: Error updating Dataset "projects/speedy-equator-284105/datasets/foo": googleapi: Error 403: Billing has not been enabled for this project. Enable billing at https://console.cloud.google.com/billing. The default partition expiration time must be less than 60 days, billingNotEnabled

  with google_bigquery_dataset.default,
  on bigquery.tf line 1, in resource "google_bigquery_dataset" "default":
   1: resource "google_bigquery_dataset" "default" {

